WARNING: Method definition info(Any...) in module Base at util.jl:334 overwritten in module Logging at /home/skariel/.julia/v0.4/Logging/src/Logging.jl:61.
WARNING: Method definition warn(Any...) in module Base at util.jl:364 overwritten in module Logging at /home/skariel/.julia/v0.4/Logging/src/Logging.jl:61.
WARNING: Method definition infoWARNING: Method definition info((AnyAny......)) in module Base in module Base at util.jl:334 overwritten in module Logging at /home/skariel/.julia/v0.4/Logging/src/Logging.jl:61.
WARNING: Method definition warn at util.jl:334(Any overwritten in module LoggingWARNING: Method definition infoWARNING: Method definition info... at /home/skariel/.julia/v0.4/Logging/src/Logging.jl:61.
)((WARNING: Method definition info in module Base at util.jl:364(AnyAny overwritten in module LoggingWARNING: Method definition warnAnyWARNING: Method definition info... at /home/skariel/.julia/v0.4/Logging/src/Logging.jl:61(...).
Any)( in module Base in module Base......)) at util.jl:334 in module Base at util.jl:334 overwritten in module Logging in module Base at util.jl:364 at util.jl:334 at /home/skariel/.julia/v0.4/Logging/src/Logging.jl:61 overwritten in module LoggingWARNING: Method definition info overwritten in module Logging.
 at /home/skariel/.julia/v0.4/Logging/src/Logging.jl:61 overwritten in module Logging at /home/skariel/.julia/v0.4/Logging/src/Logging.jl:61(Any....
 at /home/skariel/.julia/v0.4/Logging/src/Logging.jl:61AnyWARNING: Method definition info).
.
WARNING: Method definition info((Any...Any)...WARNING: Method definition infoWARNING: Method definition warnWARNING: Method definition warn... in module Base in module Base) at util.jl:334WARNING: Method definition info(( at util.jl:334 overwritten in module Logging(WARNING: Method definition warn in module BaseWARNING: Method definition infoAny)(Any overwritten in module Logging( at util.jl:334WARNING: Method definition info(WARNING: Method definition infoAny at /home/skariel/.julia/v0.4/Logging/src/Logging.jl:61......Any overwritten in module Logging...WARNING: Method definition info()WARNING: Method definition infoAny( in module BaseAny.
...)(WARNING: Method definition info in module Base(... at util.jl:334WARNING: Method definition info... at /home/skariel/.julia/v0.4/Logging/src/Logging.jl:61)Any) at /home/skariel/.julia/v0.4/Logging/src/Logging.jl:61WARNING: Method definition warn at util.jl:364AnyAnyAny in module Base(()WARNING: Method definition infoWARNING: Method definition info......).
 overwritten in module LoggingWARNING: Method definition infoWARNING: Method definition info at util.jl:364Any in module Base.
(Any... in module BaseWARNING: Method definition info in module Base...WARNING: Method definition info( overwritten in module LoggingAny at util.jl:364)) overwritten in module Logging(( at util.jl:334)(WARNING: Method definition info(...) at /home/skariel/.julia/v0.4/Logging/src/Logging.jl:61......( at /home/skariel/.julia/v0.4/Logging/src/Logging.jl:61 in module Base at util.jl:334 in module BaseWARNING: Method definition infoAnyAnyAnyWARNING: Method definition warn in module Base overwritten in module LoggingWARNING: Method definition warn(WARNING: Method definition infoAny overwritten in module Logging in module Base.
 in module Base)) at /home/skariel/.julia/v0.4/Logging/src/Logging.jl:61 at util.jl:334... at /home/skariel/.julia/v0.4/Logging/src/Logging.jl:61((Any)Any at util.jl:334.
Any at util.jl:334.
 in module Base overwritten in module Logging at util.jl:334...(WARNING: Method definition info... in module Base.
) at util.jl:334( overwritten in module Logging... at util.jl:364 at /home/skariel/.julia/v0.4/Logging/src/Logging.jl:61 overwritten in module Logging overwritten in module LoggingAnyAny at /home/skariel/.julia/v0.4/Logging/src/Logging.jl:61.........WARNING: Method definition info) overwritten in module Logging overwritten in module LoggingWARNING: Method definition warn at /home/skariel/.julia/v0.4/Logging/src/Logging.jl:61) at /home/skariel/.julia/v0.4/Logging/src/Logging.jl:61 in module Base in module Base at util.jl:334(WARNING: Method definition infoAny)WARNING: Method definition infoWARNING: Method definition warn) overwritten in module Logging.
( at /home/skariel/.julia/v0.4/Logging/src/Logging.jl:61 at /home/skariel/.julia/v0.4/Logging/src/Logging.jl:61 in module BaseWARNING: Method definition infoWARNING: Method definition warnAny...( in module Base....
).
) at /home/skariel/.julia/v0.4/Logging/src/Logging.jl:61(( in module Base in module Base at /home/skariel/.julia/v0.4/Logging/src/Logging.jl:61WARNING: Method definition info.
(...( at util.jl:334)Any at util.jl:334 overwritten in module Logging.
...Any( at util.jl:334 at util.jl:334) in module Base in module BaseWARNING: Method definition warnAny.
AnyAny at util.jl:334.
WARNING: Method definition info(.
Any) overwritten in module Logging at /home/skariel/.julia/v0.4/Logging/src/Logging.jl:61 overwritten in module Logging overwritten in module LoggingAny... overwritten in module Logging) at util.jl:334WARNING: Method definition warn in module Base......(AnyAny in module Base...WARNING: Method definition warnWARNING: Method definition warnWARNING: Method definition warn at /home/skariel/.julia/v0.4/Logging/src/Logging.jl:61 in module Base at /home/skariel/.julia/v0.4/Logging/src/Logging.jl:61( at util.jl:334... overwritten in module Logging)( in module Base...)WARNING: Method definition infoWARNING: Method definition info...WARNING: Method definition infoWARNING: Method definition info...Any(.
( at util.jl:364... at /home/skariel/.julia/v0.4/Logging/src/Logging.jl:61 at util.jl:334Any overwritten in module Logging at /home/skariel/.julia/v0.4/Logging/src/Logging.jl:61 overwritten in module LoggingWARNING: Method definition infoAny in module Base)) at /home/skariel/.julia/v0.4/Logging/src/Logging.jl:61) at util.jl:334)(()....
 at util.jl:334WARNING: Method definition info.
) overwritten in module Logging at util.jl:364.
......( in module BaseWARNING: Method definition warn in module Base()( in module Base(Any in module BaseAny overwritten in module LoggingAny.
)( overwritten in module LoggingWARNING: Method definition warn at util.jl:334 at /home/skariel/.julia/v0.4/Logging/src/Logging.jl:61 in module Base at /home/skariel/.julia/v0.4/Logging/src/Logging.jl:61 in module BaseAny( at util.jl:334 in module BaseAnyAnyWARNING: Method definition warn overwritten in module Logging at util.jl:334 overwritten in module Logging at /home/skariel/.julia/v0.4/Logging/src/Logging.jl:61() at /home/skariel/.julia/v0.4/Logging/src/Logging.jl:61.
.
WARNING: Method definition warn at util.jl:334AnyWARNING: Method definition warn at util.jl:334......... in module BaseAny overwritten in module Logging overwritten in module Logging in module Base).
 in module BaseAny...( at util.jl:364 at util.jl:364Any( at util.jl:334 at /home/skariel/.julia/v0.4/Logging/src/Logging.jl:61......WARNING: Method definition warn overwritten in module Logging) at /home/skariel/.julia/v0.4/Logging/src/Logging.jl:61 at /home/skariel/.julia/v0.4/Logging/src/Logging.jl:61.
 at /home/skariel/.julia/v0.4/Logging/src/Logging.jl:61.
 at util.jl:334Any at util.jl:364WARNING: Method definition warn overwritten in module LoggingWARNING: Method definition warn overwritten in module LoggingAny... overwritten in module Logging(.
) at /home/skariel/.julia/v0.4/Logging/src/Logging.jl:61(... at util.jl:364.
 in module Base...WARNING: Method definition warn... overwritten in module Logging( overwritten in module LoggingWARNING: Method definition warn...Any... at /home/skariel/.julia/v0.4/Logging/src/Logging.jl:61)) overwritten in module LoggingAny in module Base.
 in module Base at /home/skariel/.julia/v0.4/Logging/src/Logging.jl:61.
Any) overwritten in module LoggingWARNING: Method definition warn overwritten in module Logging at util.jl:364()(WARNING: Method definition warn) at /home/skariel/.julia/v0.4/Logging/src/Logging.jl:61Any)) at /home/skariel/.julia/v0.4/Logging/src/Logging.jl:61 at /home/skariel/.julia/v0.4/Logging/src/Logging.jl:61)(... at /home/skariel/.julia/v0.4/Logging/src/Logging.jl:61 in module Base.
 in module Base.
... at /home/skariel/.julia/v0.4/Logging/src/Logging.jl:61(Any at /home/skariel/.julia/v0.4/Logging/src/Logging.jl:61 in module Base...Any in module Base in module Base.
....
) at util.jl:364Any in module Base overwritten in module Logging in module Base)Any.
.
WARNING: Method definition warn......) at util.jl:334.
) at util.jl:364) in module Base at util.jl:334 in module Base at util.jl:334.
)( at /home/skariel/.julia/v0.4/Logging/src/Logging.jl:61 at util.jl:364WARNING: Method definition warn in module Base at util.jl:364.
 in module Base in module Base at util.jl:334 overwritten in module Logging overwritten in module Logging... overwritten in module LoggingAny at util.jl:334 at /home/skariel/.julia/v0.4/Logging/src/Logging.jl:61...) in module Base()) overwritten in module Logging in module Base overwritten in module Logging overwritten in module LoggingWARNING: Method definition warn at util.jl:334WARNING: Method definition warn.
... at /home/skariel/.julia/v0.4/Logging/src/Logging.jl:61 at util.jl:364 overwritten in module Logging.
 overwritten in module Logging( at util.jl:364WARNING: Method definition warn in module Base overwritten in module Logging in module Base at /home/skariel/.julia/v0.4/Logging/src/Logging.jl:61 at /home/skariel/.julia/v0.4/Logging/src/Logging.jl:61 at util.jl:364 at /home/skariel/.julia/v0.4/Logging/src/Logging.jl:61 at util.jl:364 at util.jl:364( at /home/skariel/.julia/v0.4/Logging/src/Logging.jl:61 in module Base at /home/skariel/.julia/v0.4/Logging/src/Logging.jl:61).
) overwritten in module Logging at /home/skariel/.julia/v0.4/Logging/src/Logging.jl:61 at /home/skariel/.julia/v0.4/Logging/src/Logging.jl:61AnyWARNING: Method definition warn overwritten in module Logging at util.jl:364( at /home/skariel/.julia/v0.4/Logging/src/Logging.jl:61.
.
.
Any overwritten in module Logging overwritten in module Logging.
 overwritten in module Logging overwritten in module Logging in module Base( at util.jl:364 at util.jl:364( at util.jl:364Any at /home/skariel/.julia/v0.4/Logging/src/Logging.jl:61 overwritten in module Logging.
WARNING: Method definition warn at /home/skariel/.julia/v0.4/Logging/src/Logging.jl:61Any.
... overwritten in module Logging.
...Any....
 at /home/skariel/.julia/v0.4/Logging/src/Logging.jl:61 at /home/skariel/.julia/v0.4/Logging/src/Logging.jl:61 at util.jl:364 at /home/skariel/.julia/v0.4/Logging/src/Logging.jl:61 at /home/skariel/.julia/v0.4/Logging/src/Logging.jl:61Any in module BaseWARNING: Method definition warn overwritten in module Logging.
WARNING: Method definition warn(....
 overwritten in module Logging) at /home/skariel/.julia/v0.4/Logging/src/Logging.jl:61WARNING: Method definition warn.
WARNING: Method definition warn.
 at util.jl:364(() at /home/skariel/.julia/v0.4/Logging/src/Logging.jl:61... in module Base at /home/skariel/.julia/v0.4/Logging/src/Logging.jl:61.
.
) at /home/skariel/.julia/v0.4/Logging/src/Logging.jl:61Any.
( overwritten in module Logging...AnyAny in module Base in module Base(Any) overwritten in module Logging... at util.jl:364 in module BaseWARNING: Method definition warn at /home/skariel/.julia/v0.4/Logging/src/Logging.jl:61).
).
...... at util.jl:364.
) in module Base overwritten in module Logging at util.jl:364...Any at /home/skariel/.julia/v0.4/Logging/src/Logging.jl:61) overwritten in module Logging at util.jl:364(.
 in module Base in module Base) at /home/skariel/.julia/v0.4/Logging/src/Logging.jl:61) overwritten in module Logging... in module Base at /home/skariel/.julia/v0.4/Logging/src/Logging.jl:61 overwritten in module Logging.
Any at util.jl:364 at util.jl:364 in module Base.
) at util.jl:364... at /home/skariel/.julia/v0.4/Logging/src/Logging.jl:61 overwritten in module Logging in module Base at /home/skariel/.julia/v0.4/Logging/src/Logging.jl:61 at util.jl:364.
 at util.jl:364) overwritten in module Logging at /home/skariel/.julia/v0.4/Logging/src/Logging.jl:61 overwritten in module Logging in module Base overwritten in module Logging.
 at util.jl:364 overwritten in module Logging in module Base.
 at /home/skariel/.julia/v0.4/Logging/src/Logging.jl:61.
 overwritten in module Logging at /home/skariel/.julia/v0.4/Logging/src/Logging.jl:61 at util.jl:364 at util.jl:364.
 at /home/skariel/.julia/v0.4/Logging/src/Logging.jl:61.
 overwritten in module Logging at /home/skariel/.julia/v0.4/Logging/src/Logging.jl:61 overwritten in module Logging at /home/skariel/.julia/v0.4/Logging/src/Logging.jl:61.
 at /home/skariel/.julia/v0.4/Logging/src/Logging.jl:61.
 at /home/skariel/.julia/v0.4/Logging/src/Logging.jl:61.
.
.
