WARNING: Method definition info(Any...) in module Base at util.jl:334 overwritten in module Logging at /home/skariel/.julia/v0.4/Logging/src/Logging.jl:61.
WARNING: Method definition warn(Any...) in module Base at util.jl:364 overwritten in module Logging at /home/skariel/.julia/v0.4/Logging/src/Logging.jl:61.
WARNING: Method definition info(Any...) in module Base at util.jl:334 overwritten in module Logging at /home/skariel/.julia/v0.4/Logging/src/Logging.jl:61.
WARNING: Method definition warn(Any...WARNING: Method definition info)( in module BaseAny at util.jl:364... overwritten in module Logging) at /home/skariel/.julia/v0.4/Logging/src/Logging.jl:61 in module Base at util.jl:334.
 overwritten in module Logging at /home/skariel/.julia/v0.4/Logging/src/Logging.jl:61.
WARNING: Method definition info(AnyWARNING: Method definition warn...()Any in module Base...) at util.jl:334 in module Base overwritten in module LoggingWARNING: Method definition info at util.jl:364( at /home/skariel/.julia/v0.4/Logging/src/Logging.jl:61.
WARNING: Method definition warn(Any...Any overwritten in module LoggingWARNING: Method definition info at /home/skariel/.julia/v0.4/Logging/src/Logging.jl:61(.
Any...) in module Base at util.jl:334 overwritten in module Logging... at /home/skariel/.julia/v0.4/Logging/src/Logging.jl:61).
 in module BaseWARNING: Method definition info at util.jl:334(WARNING: Method definition infoAny overwritten in module LoggingWARNING: Method definition warn...)) in module Base(( at /home/skariel/.julia/v0.4/Logging/src/Logging.jl:61WARNING: Method definition infoAny in module Base at util.jl:364....
 overwritten in module Logging) at /home/skariel/.julia/v0.4/Logging/src/Logging.jl:61 in module BaseAny( at util.jl:334.
WARNING: Method definition infoWARNING: Method definition warn overwritten in module Logging(( at /home/skariel/.julia/v0.4/Logging/src/Logging.jl:61Any at util.jl:334AnyAny...WARNING: Method definition info overwritten in module Logging....
...)...)) at /home/skariel/.julia/v0.4/Logging/src/Logging.jl:61 in module Base.
 in module Base in module Base)(WARNING: Method definition warn at util.jl:334 at util.jl:334 in module Base at util.jl:364Any overwritten in module Logging overwritten in module Logging at util.jl:364WARNING: Method definition warn... at /home/skariel/.julia/v0.4/Logging/src/Logging.jl:61 overwritten in module Logging at /home/skariel/.julia/v0.4/Logging/src/Logging.jl:61(WARNING: Method definition info).
 overwritten in module Logging at /home/skariel/.julia/v0.4/Logging/src/Logging.jl:61Any(( in module Base.
 at /home/skariel/.julia/v0.4/Logging/src/Logging.jl:61.
WARNING: Method definition warn...Any at util.jl:334Any)...(.
 overwritten in module LoggingWARNING: Method definition warn)...Any at /home/skariel/.julia/v0.4/Logging/src/Logging.jl:61 in module Base( in module BaseWARNING: Method definition info)....
 at util.jl:364 in module Base) overwritten in module Logging at util.jl:364( in module BaseAnyWARNING: Method definition warn at util.jl:334 overwritten in module Logging at /home/skariel/.julia/v0.4/Logging/src/Logging.jl:61 at util.jl:364( overwritten in module Logging at /home/skariel/.julia/v0.4/Logging/src/Logging.jl:61....
 overwritten in module LoggingAny at /home/skariel/.julia/v0.4/Logging/src/Logging.jl:61.
)...WARNING: Method definition infoAny.
 at /home/skariel/.julia/v0.4/Logging/src/Logging.jl:61 in module Base...)(.
) in module Base at util.jl:364 in module BaseWARNING: Method definition warn overwritten in module LoggingAny at util.jl:364... at /home/skariel/.julia/v0.4/Logging/src/Logging.jl:61 at util.jl:334().
 in module Base overwritten in module LoggingAnyWARNING: Method definition info... at util.jl:334 at /home/skariel/.julia/v0.4/Logging/src/Logging.jl:61) overwritten in module Logging at /home/skariel/.julia/v0.4/Logging/src/Logging.jl:61.
 in module Base( overwritten in module LoggingWARNING: Method definition infoWARNING: Method definition info.
 at /home/skariel/.julia/v0.4/Logging/src/Logging.jl:61( at util.jl:364AnyWARNING: Method definition info(.
WARNING: Method definition warn overwritten in module LoggingAny(...Any... at /home/skariel/.julia/v0.4/Logging/src/Logging.jl:61WARNING: Method definition warn...Any(.
)WARNING: Method definition info)()...Any in module Base in module Base in module Base)Any( at util.jl:334 at util.jl:334 at util.jl:334...... in module Base overwritten in module Logging)) overwritten in module Logging overwritten in module Logging at util.jl:334 at /home/skariel/.julia/v0.4/Logging/src/Logging.jl:61 in module Base at /home/skariel/.julia/v0.4/Logging/src/Logging.jl:61 in module Base overwritten in module Logging at /home/skariel/.julia/v0.4/Logging/src/Logging.jl:61 at util.jl:364.
.
 at util.jl:364 at /home/skariel/.julia/v0.4/Logging/src/Logging.jl:61.
 overwritten in module Logging overwritten in module Logging.
WARNING: Method definition warnWARNING: Method definition warn at /home/skariel/.julia/v0.4/Logging/src/Logging.jl:61WARNING: Method definition warn((.
 at /home/skariel/.julia/v0.4/Logging/src/Logging.jl:61WARNING: Method definition warnAnyAny.
((...Any)WARNING: Method definition info... in module Base at util.jl:364) overwritten in module Logging in module Base at /home/skariel/.julia/v0.4/Logging/src/Logging.jl:61 at util.jl:364...AnyAny(.
 overwritten in module LoggingWARNING: Method definition info)WARNING: Method definition info... at /home/skariel/.julia/v0.4/Logging/src/Logging.jl:61(...WARNING: Method definition info in module Base).
AnyAny) at util.jl:364... in module Base... in module Base overwritten in module Logging)(() at util.jl:364 at /home/skariel/.julia/v0.4/Logging/src/Logging.jl:61WARNING: Method definition info in module BaseAnyWARNING: Method definition infoAny at util.jl:334 overwritten in module Logging.
......( overwritten in module Logging at util.jl:334 in module Base at /home/skariel/.julia/v0.4/Logging/src/Logging.jl:61() overwritten in module LoggingAny) at util.jl:334.
 at /home/skariel/.julia/v0.4/Logging/src/Logging.jl:61Any... in module Base at /home/skariel/.julia/v0.4/Logging/src/Logging.jl:61 in module Base overwritten in module Logging.
)....
 at util.jl:334 at /home/skariel/.julia/v0.4/Logging/src/Logging.jl:61) in module Base at util.jl:334WARNING: Method definition warn overwritten in module Logging in module Base at util.jl:334.
( overwritten in module Logging at util.jl:334 at /home/skariel/.julia/v0.4/Logging/src/Logging.jl:61 at /home/skariel/.julia/v0.4/Logging/src/Logging.jl:61 overwritten in module Logging overwritten in module LoggingWARNING: Method definition warn.
WARNING: Method definition warnAny.
 at /home/skariel/.julia/v0.4/Logging/src/Logging.jl:61( at /home/skariel/.julia/v0.4/Logging/src/Logging.jl:61WARNING: Method definition info...WARNING: Method definition info.
(WARNING: Method definition warnWARNING: Method definition infoAny.
WARNING: Method definition warn)WARNING: Method definition infoWARNING: Method definition warn(AnyWARNING: Method definition infoWARNING: Method definition infoWARNING: Method definition warnWARNING: Method definition info(((...(... in module Base(WARNING: Method definition info(AnyWARNING: Method definition info((Any)(AnyWARNING: Method definition infoAny)WARNING: Method definition info(...Any...(( at util.jl:364 in module Base in module Base...AnyAnyAnyAny(AnyAny()...AnyWARNING: Method definition info) at util.jl:364...Any overwritten in module LoggingAny at util.jl:364...WARNING: Method definition info)...............) in module Base() overwritten in module LoggingAny in module BaseWARNING: Method definition info...)WARNING: Method definition info at /home/skariel/.julia/v0.4/Logging/src/Logging.jl:61 overwritten in module Logging) at util.jl:364) in module Base in module BaseAny in module Base...))...)(( in module Base( at util.jl:334...) at /home/skariel/.julia/v0.4/Logging/src/Logging.jl:61.
 in module Base at /home/skariel/.julia/v0.4/Logging/src/Logging.jl:61 at util.jl:334 at util.jl:364...) in module Base in module Base overwritten in module Logging) in module BaseAny at util.jl:334 overwritten in module Logging) in module Base at util.jl:334WARNING: Method definition infoAny in module Base(.
 at util.jl:334 in module Base overwritten in module LoggingAny overwritten in module Logging at /home/skariel/.julia/v0.4/Logging/src/Logging.jl:61 in module Base... at util.jl:364Any at util.jl:334.
 at /home/skariel/.julia/v0.4/Logging/src/Logging.jl:61) at util.jl:334) at util.jl:364 in module Base overwritten in module Logging at util.jl:334 at /home/skariel/.julia/v0.4/Logging/src/Logging.jl:61... overwritten in module Logging at /home/skariel/.julia/v0.4/Logging/src/Logging.jl:61 at util.jl:334.
 at util.jl:334 overwritten in module Logging...... overwritten in module Logging in module Base overwritten in module Logging at util.jl:334.
 at /home/skariel/.julia/v0.4/Logging/src/Logging.jl:61 overwritten in module Logging overwritten in module Logging at /home/skariel/.julia/v0.4/Logging/src/Logging.jl:61 overwritten in module Logging).
 in module Base overwritten in module Logging overwritten in module Logging at /home/skariel/.julia/v0.4/Logging/src/Logging.jl:61 at util.jl:334 at /home/skariel/.julia/v0.4/Logging/src/Logging.jl:61).
 at /home/skariel/.julia/v0.4/Logging/src/Logging.jl:61) at /home/skariel/.julia/v0.4/Logging/src/Logging.jl:61.
 in module Base at /home/skariel/.julia/v0.4/Logging/src/Logging.jl:61 overwritten in module Logging.
 at /home/skariel/.julia/v0.4/Logging/src/Logging.jl:61WARNING: Method definition warn in module Base at /home/skariel/.julia/v0.4/Logging/src/Logging.jl:61 at /home/skariel/.julia/v0.4/Logging/src/Logging.jl:61.
 at util.jl:334 overwritten in module Logging in module Base.
.
WARNING: Method definition warn( at /home/skariel/.julia/v0.4/Logging/src/Logging.jl:61 at util.jl:334WARNING: Method definition warn.
.
 at util.jl:334 at /home/skariel/.julia/v0.4/Logging/src/Logging.jl:61 at util.jl:334WARNING: Method definition warn.
.
WARNING: Method definition warn.
 overwritten in module Logging.
 overwritten in module Logging( overwritten in module Logging overwritten in module LoggingWARNING: Method definition warnAny(WARNING: Method definition warnWARNING: Method definition warn at /home/skariel/.julia/v0.4/Logging/src/Logging.jl:61Any at /home/skariel/.julia/v0.4/Logging/src/Logging.jl:61WARNING: Method definition warn at /home/skariel/.julia/v0.4/Logging/src/Logging.jl:61.
((AnyWARNING: Method definition warn(...( at /home/skariel/.julia/v0.4/Logging/src/Logging.jl:61WARNING: Method definition warn(.
....
(Any.
...(AnyWARNING: Method definition warnAny)(Any)AnyWARNING: Method definition warnAnyAny....
...(WARNING: Method definition warnAny... in module Base(WARNING: Method definition warn...) in module Base)Any)(......WARNING: Method definition warn...) at util.jl:364 in module Base in module Base...... at util.jl:364)()(Any in module Base in module Base overwritten in module LoggingAny) at util.jl:364) at util.jl:364) overwritten in module Logging) at util.jl:364 at util.jl:364 in module Base in module Base...Any in module Base...Any in module Base overwritten in module Logging overwritten in module Logging in module Base at util.jl:364 overwritten in module Logging overwritten in module Logging at /home/skariel/.julia/v0.4/Logging/src/Logging.jl:61 at util.jl:364 at util.jl:364 in module Base at /home/skariel/.julia/v0.4/Logging/src/Logging.jl:61 overwritten in module Logging at util.jl:364 at /home/skariel/.julia/v0.4/Logging/src/Logging.jl:61 at /home/skariel/.julia/v0.4/Logging/src/Logging.jl:61 at /home/skariel/.julia/v0.4/Logging/src/Logging.jl:61...) at /home/skariel/.julia/v0.4/Logging/src/Logging.jl:61)... overwritten in module Logging.
.
.
.
 at util.jl:364 overwritten in module Logging.
 at /home/skariel/.julia/v0.4/Logging/src/Logging.jl:61.
 overwritten in module Logging) in module Base in module Base at util.jl:364) at /home/skariel/.julia/v0.4/Logging/src/Logging.jl:61 at /home/skariel/.julia/v0.4/Logging/src/Logging.jl:61 at /home/skariel/.julia/v0.4/Logging/src/Logging.jl:61 in module Base.
 overwritten in module Logging.
 at util.jl:364 overwritten in module Logging at util.jl:364 in module Base.
 at /home/skariel/.julia/v0.4/Logging/src/Logging.jl:61 overwritten in module Logging at util.jl:364.
 at /home/skariel/.julia/v0.4/Logging/src/Logging.jl:61.
 at /home/skariel/.julia/v0.4/Logging/src/Logging.jl:61 overwritten in module Logging at util.jl:364 overwritten in module Logging.
 at /home/skariel/.julia/v0.4/Logging/src/Logging.jl:61 overwritten in module Logging at /home/skariel/.julia/v0.4/Logging/src/Logging.jl:61.
 at /home/skariel/.julia/v0.4/Logging/src/Logging.jl:61.
.
.
