WARNING: Method definition info(Any...) in module Base at util.jl:334 overwritten in module Logging at /home/skariel/.julia/v0.4/Logging/src/Logging.jl:61.
WARNING: Method definition warn(Any...) in module Base at util.jl:364 overwritten in module Logging at /home/skariel/.julia/v0.4/Logging/src/Logging.jl:61.
WARNING: Method definition info(Any...WARNING: Method definition info) in module Base( at util.jl:334 overwritten in module Logging at /home/skariel/.julia/v0.4/Logging/src/Logging.jl:61.
WARNING: Method definition warn(Any...) in module Base at util.jl:364 overwritten in module Logging at /home/skariel/.julia/v0.4/Logging/src/Logging.jl:61WARNING: Method definition info.
Any...WARNING: Method definition info)( in module BaseAny... at util.jl:334) overwritten in module Logging in module Base at /home/skariel/.julia/v0.4/Logging/src/Logging.jl:61.
 at util.jl:334 overwritten in module Logging at /home/skariel/.julia/v0.4/Logging/src/Logging.jl:61.
WARNING: Method definition warn(Any...WARNING: Method definition warn)( in module BaseAny at util.jl:364...) overwritten in module Logging( in module Base at util.jl:364Any at /home/skariel/.julia/v0.4/Logging/src/Logging.jl:61.
... overwritten in module LoggingWARNING: Method definition info() in module Base at /home/skariel/.julia/v0.4/Logging/src/Logging.jl:61AnyWARNING: Method definition info at util.jl:334.
... overwritten in module Logging) at /home/skariel/.julia/v0.4/Logging/src/Logging.jl:61 in module Base.
 at util.jl:334 overwritten in module Logging at /home/skariel/.julia/v0.4/Logging/src/Logging.jl:61WARNING: Method definition infoWARNING: Method definition warn.
((AnyAny......WARNING: Method definition warn())Any in module Base in module Base... at util.jl:334WARNING: Method definition info) at util.jl:364(WARNING: Method definition info in module Base overwritten in module Logging overwritten in module Logging(Any( at /home/skariel/.julia/v0.4/Logging/src/Logging.jl:61 at util.jl:364WARNING: Method definition info at /home/skariel/.julia/v0.4/Logging/src/Logging.jl:61Any.......
.
)Any overwritten in module Logging(WARNING: Method definition infoWARNING: Method definition infoWARNING: Method definition info...) in module BaseWARNING: Method definition infoWARNING: Method definition warn) at /home/skariel/.julia/v0.4/Logging/src/Logging.jl:61((Any( in module Base( at util.jl:334 in module Base.
WARNING: Method definition infoAny at util.jl:334(WARNING: Method definition infoWARNING: Method definition info overwritten in module LoggingAny...Any((Any... at util.jl:334 overwritten in module Logging at /home/skariel/.julia/v0.4/Logging/src/Logging.jl:61Any...))....
... at /home/skariel/.julia/v0.4/Logging/src/Logging.jl:61 overwritten in module LoggingAnyAny...( in module Base))) in module Base at /home/skariel/.julia/v0.4/Logging/src/Logging.jl:61WARNING: Method definition warn in module Base) at util.jl:334 in module BaseAny.
...... in module Base at util.jl:334 at util.jl:334 at util.jl:334.
 overwritten in module Logging overwritten in module LoggingWARNING: Method definition warn) at /home/skariel/.julia/v0.4/Logging/src/Logging.jl:61 overwritten in module Logging overwritten in module Logging at /home/skariel/.julia/v0.4/Logging/src/Logging.jl:61 at /home/skariel/.julia/v0.4/Logging/src/Logging.jl:61 in module Base)....
 at util.jl:364( in module BaseWARNING: Method definition warn.
 at util.jl:334Any(.
 at util.jl:334 at /home/skariel/.julia/v0.4/Logging/src/Logging.jl:61) overwritten in module LoggingWARNING: Method definition info...AnyWARNING: Method definition warn( overwritten in module Logging in module BaseWARNING: Method definition warn(.
 in module Base at /home/skariel/.julia/v0.4/Logging/src/Logging.jl:61WARNING: Method definition warn overwritten in module Logging)((WARNING: Method definition infoWARNING: Method definition infoWARNING: Method definition info... at util.jl:334.
Any at /home/skariel/.julia/v0.4/Logging/src/Logging.jl:61 at util.jl:334 in module BaseAny at /home/skariel/.julia/v0.4/Logging/src/Logging.jl:61WARNING: Method definition warn overwritten in module Logging)Any(.
Any(WARNING: Method definition info(WARNING: Method definition info.
...... in module Base(...WARNING: Method definition info... at util.jl:364Any(Any(WARNING: Method definition warnWARNING: Method definition infoWARNING: Method definition warnWARNING: Method definition infoAnyWARNING: Method definition info overwritten in module Logging)()( at /home/skariel/.julia/v0.4/Logging/src/Logging.jl:61 overwritten in module Logging at util.jl:364Any))WARNING: Method definition info...((((Any at /home/skariel/.julia/v0.4/Logging/src/Logging.jl:61 at /home/skariel/.julia/v0.4/Logging/src/Logging.jl:61AnyAny.
... overwritten in module Logging in module Base... in module Base)((... in module BaseAnyAnyAnyAny in module Base.
AnyWARNING: Method definition infoWARNING: Method definition info))Any at util.jl:334 at util.jl:364......).......
Any......... at util.jl:364 at /home/skariel/.julia/v0.4/Logging/src/Logging.jl:61( in module BaseWARNING: Method definition warn... in module Base overwritten in module Logging in module Base() overwritten in module Logging) in module Base... at util.jl:364)))) overwritten in module Logging at util.jl:334(.
 at util.jl:334WARNING: Method definition info)Any) at /home/skariel/.julia/v0.4/Logging/src/Logging.jl:61WARNING: Method definition info at util.jl:334 at /home/skariel/.julia/v0.4/Logging/src/Logging.jl:61 in module BaseAny at util.jl:364...WARNING: Method definition warn overwritten in module Logging in module Base overwritten in module LoggingWARNING: Method definition info.
() in module Base at util.jl:334WARNING: Method definition info in module Base in module BaseWARNING: Method definition info.
 in module BaseAny( at util.jl:364(...... overwritten in module Logging in module Base at util.jl:334 overwritten in module Logging at /home/skariel/.julia/v0.4/Logging/src/Logging.jl:61 at /home/skariel/.julia/v0.4/Logging/src/Logging.jl:61(WARNING: Method definition info in module Base in module BaseWARNING: Method definition infoWARNING: Method definition info overwritten in module Logging at /home/skariel/.julia/v0.4/Logging/src/Logging.jl:61WARNING: Method definition warn)Any(WARNING: Method definition info at /home/skariel/.julia/v0.4/Logging/src/Logging.jl:61Any)(...Any at util.jl:364Any( at util.jl:364 at util.jl:334 at util.jl:334(WARNING: Method definition info overwritten in module Logging.
 at util.jl:334 overwritten in module Logging at /home/skariel/.julia/v0.4/Logging/src/Logging.jl:61 at util.jl:334 overwritten in module Logging in module Base.
Any(...(.
).
 at /home/skariel/.julia/v0.4/Logging/src/Logging.jl:61 overwritten in module Logging( overwritten in module LoggingAny...Any in module Base... overwritten in module Logging)AnyAny) overwritten in module LoggingAny...( at /home/skariel/.julia/v0.4/Logging/src/Logging.jl:61 at /home/skariel/.julia/v0.4/Logging/src/Logging.jl:61 overwritten in module Logging at /home/skariel/.julia/v0.4/Logging/src/Logging.jl:61 overwritten in module Logging.
 at util.jl:334...) at util.jl:334)...WARNING: Method definition warn in module Base at /home/skariel/.julia/v0.4/Logging/src/Logging.jl:61.
 in module BaseAny in module Base... at /home/skariel/.julia/v0.4/Logging/src/Logging.jl:61WARNING: Method definition warn.
.
 at /home/skariel/.julia/v0.4/Logging/src/Logging.jl:61 overwritten in module LoggingWARNING: Method definition warn)....
 in module Base in module Base overwritten in module Logging(......) at /home/skariel/.julia/v0.4/Logging/src/Logging.jl:61 at /home/skariel/.julia/v0.4/Logging/src/Logging.jl:61).
 at /home/skariel/.julia/v0.4/Logging/src/Logging.jl:61 at util.jl:364... at util.jl:334.
Any at util.jl:334))Any).
(( at util.jl:334.
 at /home/skariel/.julia/v0.4/Logging/src/Logging.jl:61)WARNING: Method definition warn.
WARNING: Method definition warn in module Base... in module Base overwritten in module Logging overwritten in module Logging at /home/skariel/.julia/v0.4/Logging/src/Logging.jl:61 at util.jl:364.
 in module Base overwritten in module Logging in module Base( in module BaseWARNING: Method definition warn overwritten in module LoggingAny in module BaseAny overwritten in module Logging at util.jl:334).
WARNING: Method definition warn( at /home/skariel/.julia/v0.4/Logging/src/Logging.jl:61 at util.jl:334) at /home/skariel/.julia/v0.4/Logging/src/Logging.jl:61 at /home/skariel/.julia/v0.4/Logging/src/Logging.jl:61... in module BaseWARNING: Method definition warn at util.jl:364......WARNING: Method definition warn overwritten in module LoggingAny at /home/skariel/.julia/v0.4/Logging/src/Logging.jl:61 at util.jl:334( at util.jl:334 overwritten in module LoggingWARNING: Method definition warn in module Base.
.
 at /home/skariel/.julia/v0.4/Logging/src/Logging.jl:61 at util.jl:334() at util.jl:334( overwritten in module Logging) in module Base....
Any.
 overwritten in module Logging overwritten in module Logging at /home/skariel/.julia/v0.4/Logging/src/Logging.jl:61.
 overwritten in module LoggingWARNING: Method definition warn(Any) in module BaseAny at /home/skariel/.julia/v0.4/Logging/src/Logging.jl:61) overwritten in module LoggingAny at util.jl:334( at util.jl:364WARNING: Method definition warn.
 at /home/skariel/.julia/v0.4/Logging/src/Logging.jl:61...Any at /home/skariel/.julia/v0.4/Logging/src/Logging.jl:61WARNING: Method definition warn in module Base....
 at /home/skariel/.julia/v0.4/Logging/src/Logging.jl:61WARNING: Method definition warn( in module Base at /home/skariel/.julia/v0.4/Logging/src/Logging.jl:61 at /home/skariel/.julia/v0.4/Logging/src/Logging.jl:61 overwritten in module Logging in module Base...Any at util.jl:364... overwritten in module Logging(.
... at util.jl:334.
)(.
)Any.
)).
(.
Any at /home/skariel/.julia/v0.4/Logging/src/Logging.jl:61 at util.jl:364Any at util.jl:364...WARNING: Method definition warnWARNING: Method definition warn at /home/skariel/.julia/v0.4/Logging/src/Logging.jl:61WARNING: Method definition warn)WARNING: Method definition warn overwritten in module Logging in module Base overwritten in module Logging in module Base in module BaseAny...WARNING: Method definition warn.
 in module Base...WARNING: Method definition warn( at util.jl:364 overwritten in module Logging)(... at util.jl:364 in module Base( at util.jl:364Any( overwritten in module Logging in module Base at /home/skariel/.julia/v0.4/Logging/src/Logging.jl:61 overwritten in module Logging at /home/skariel/.julia/v0.4/Logging/src/Logging.jl:61).
( at util.jl:364) at /home/skariel/.julia/v0.4/Logging/src/Logging.jl:61... at util.jl:364...()Any overwritten in module LoggingAnyAny at util.jl:364 at /home/skariel/.julia/v0.4/Logging/src/Logging.jl:61Any at /home/skariel/.julia/v0.4/Logging/src/Logging.jl:61 overwritten in module Logging).
Any.
 overwritten in module Logging.
 in module Base... overwritten in module Logging in module Base.
) overwritten in module LoggingWARNING: Method definition warn... in module Base... at /home/skariel/.julia/v0.4/Logging/src/Logging.jl:61... at /home/skariel/.julia/v0.4/Logging/src/Logging.jl:61 at util.jl:364... at /home/skariel/.julia/v0.4/Logging/src/Logging.jl:61 at util.jl:364.
 in module Base) at util.jl:364) at /home/skariel/.julia/v0.4/Logging/src/Logging.jl:61 in module Base)WARNING: Method definition warn).
.
 at util.jl:364 overwritten in module Logging at /home/skariel/.julia/v0.4/Logging/src/Logging.jl:61 in module Base overwritten in module Logging.
() at util.jl:364 in module Base in module Base overwritten in module Logging overwritten in module Logging at util.jl:364 at /home/skariel/.julia/v0.4/Logging/src/Logging.jl:61( in module Base.
 in module Base at util.jl:364 at /home/skariel/.julia/v0.4/Logging/src/Logging.jl:61 overwritten in module LoggingAny.
 at util.jl:364.
 overwritten in module Logging at /home/skariel/.julia/v0.4/Logging/src/Logging.jl:61 at /home/skariel/.julia/v0.4/Logging/src/Logging.jl:61Any at util.jl:364 at util.jl:364.
... overwritten in module Logging overwritten in module Logging.
 at /home/skariel/.julia/v0.4/Logging/src/Logging.jl:61....
 at /home/skariel/.julia/v0.4/Logging/src/Logging.jl:61 overwritten in module Logging overwritten in module Logging) at /home/skariel/.julia/v0.4/Logging/src/Logging.jl:61.
 at /home/skariel/.julia/v0.4/Logging/src/Logging.jl:61 at /home/skariel/.julia/v0.4/Logging/src/Logging.jl:61.
 in module Base.
).
 at /home/skariel/.julia/v0.4/Logging/src/Logging.jl:61.
 at util.jl:364 in module Base overwritten in module Logging.
 at util.jl:364 at /home/skariel/.julia/v0.4/Logging/src/Logging.jl:61 overwritten in module Logging.
 at /home/skariel/.julia/v0.4/Logging/src/Logging.jl:61.
