WARNING: Method definition info(Any...) in module Base at util.jl:334 overwritten in module Logging at /home/skariel/.julia/v0.4/Logging/src/Logging.jl:61.
WARNING: Method definition warn(Any...) in module Base at util.jl:364 overwritten in module Logging at /home/skariel/.julia/v0.4/Logging/src/Logging.jl:61.
WARNING: Method definition info(Any...) in module Base at util.jl:334 overwritten in module Logging at /home/skariel/.julia/v0.4/Logging/src/Logging.jl:61.
WARNING: Method definition warn(Any...) in module Base at util.jl:364 overwritten in module Logging at /home/skariel/.julia/v0.4/Logging/src/Logging.jl:61.
WARNING: Method definition infoWARNING: Method definition infoWARNING: Method definition info(((AnyAnyAny......)...) in module Base) in module Base in module Base at util.jl:334WARNING: Method definition info at util.jl:334 at util.jl:334 overwritten in module Logging overwritten in module Logging overwritten in module Logging at /home/skariel/.julia/v0.4/Logging/src/Logging.jl:61 at /home/skariel/.julia/v0.4/Logging/src/Logging.jl:61 at /home/skariel/.julia/v0.4/Logging/src/Logging.jl:61.
.
.
(Any...WARNING: Method definition info)WARNING: Method definition warnWARNING: Method definition warnWARNING: Method definition warn in module Base((((AnyAny at util.jl:334AnyAnyWARNING: Method definition info...)......... overwritten in module Logging()WARNING: Method definition info) in module Base at /home/skariel/.julia/v0.4/Logging/src/Logging.jl:61)( at util.jl:364 in module Base in module BaseWARNING: Method definition infoAny in module Base.
 overwritten in module LoggingAny at util.jl:364 at util.jl:334...... at util.jl:364WARNING: Method definition info( at /home/skariel/.julia/v0.4/Logging/src/Logging.jl:61 overwritten in module LoggingWARNING: Method definition info overwritten in module Logging at /home/skariel/.julia/v0.4/Logging/src/Logging.jl:61)WARNING: Method definition infoWARNING: Method definition warn.
Any overwritten in module Logging(( at /home/skariel/.julia/v0.4/Logging/src/Logging.jl:61 in module BaseWARNING: Method definition info(()... at /home/skariel/.julia/v0.4/Logging/src/Logging.jl:61.
(AnyAny.
 at util.jl:334AnyAny...... overwritten in module LoggingAny.
)......WARNING: Method definition warn)) at /home/skariel/.julia/v0.4/Logging/src/Logging.jl:61WARNING: Method definition info... in module Base) in module Base)( in module Base in module Base.
) at util.jl:334 at util.jl:334 in module Base in module BaseAny(WARNING: Method definition info at util.jl:334 at util.jl:334 in module BaseWARNING: Method definition warnAny overwritten in module Logging at util.jl:364WARNING: Method definition info overwritten in module Logging( at util.jl:334... overwritten in module Logging at util.jl:334 overwritten in module Logging( at /home/skariel/.julia/v0.4/Logging/src/Logging.jl:61WARNING: Method definition info... overwritten in module LoggingWARNING: Method definition info at /home/skariel/.julia/v0.4/Logging/src/Logging.jl:61Any overwritten in module Logging(WARNING: Method definition info at /home/skariel/.julia/v0.4/Logging/src/Logging.jl:61 at /home/skariel/.julia/v0.4/Logging/src/Logging.jl:61)Any overwritten in module Logging(WARNING: Method definition info( at /home/skariel/.julia/v0.4/Logging/src/Logging.jl:61).
WARNING: Method definition info.
AnyWARNING: Method definition info.
 in module Base( at /home/skariel/.julia/v0.4/Logging/src/Logging.jl:61(Any.
.
... at /home/skariel/.julia/v0.4/Logging/src/Logging.jl:61 in module Base(Any......(WARNING: Method definition warnWARNING: Method definition warnWARNING: Method definition warnAnyAny....
)WARNING: Method definition infoWARNING: Method definition warn.
 at util.jl:364... at util.jl:334))(WARNING: Method definition infoAnyAny((...) in module Base(...WARNING: Method definition warn in module BaseWARNING: Method definition infoWARNING: Method definition warn in module Base(......AnyAny at util.jl:334WARNING: Method definition infoAny() overwritten in module Logging))(WARNING: Method definition infoAny in module Base overwritten in module Logging( at util.jl:364()...... overwritten in module Logging...AnyWARNING: Method definition info in module Base( in module Base in module BaseAny at /home/skariel/.julia/v0.4/Logging/src/Logging.jl:61AnyAny at util.jl:334) overwritten in module Logging)) at /home/skariel/.julia/v0.4/Logging/src/Logging.jl:61WARNING: Method definition info)...( at util.jl:334 at util.jl:334WARNING: Method definition info at util.jl:334(......Any.
 at util.jl:334WARNING: Method definition info...... overwritten in module LoggingAny in module Base at /home/skariel/.julia/v0.4/Logging/src/Logging.jl:61 in module BaseWARNING: Method definition info in module Base( in module Base overwritten in module LoggingWARNING: Method definition info at /home/skariel/.julia/v0.4/Logging/src/Logging.jl:61)AnyWARNING: Method definition info) at /home/skariel/.julia/v0.4/Logging/src/Logging.jl:61(.
 in module Base.
 overwritten in module Logging)Any( overwritten in module LoggingWARNING: Method definition infoAny at util.jl:364...( in module Base... at util.jl:334 at util.jl:334) at util.jl:364WARNING: Method definition infoWARNING: Method definition info(WARNING: Method definition infoWARNING: Method definition info... overwritten in module Logging in module Base(.
Any overwritten in module Logging)...(.
)Any overwritten in module Logging) at util.jl:334 in module Base... overwritten in module LoggingAny overwritten in module Logging( in module Base at /home/skariel/.julia/v0.4/Logging/src/Logging.jl:61 at /home/skariel/.julia/v0.4/Logging/src/Logging.jl:61 at /home/skariel/.julia/v0.4/Logging/src/Logging.jl:61(( at /home/skariel/.julia/v0.4/Logging/src/Logging.jl:61Any at util.jl:364) at /home/skariel/.julia/v0.4/Logging/src/Logging.jl:61Any... in module BaseWARNING: Method definition warn)Any in module BaseWARNING: Method definition warn at util.jl:364( at /home/skariel/.julia/v0.4/Logging/src/Logging.jl:61AnyWARNING: Method definition warn... at util.jl:334)WARNING: Method definition info at /home/skariel/.julia/v0.4/Logging/src/Logging.jl:61....
Any overwritten in module Logging.
... in module Base.
Any... at /home/skariel/.julia/v0.4/Logging/src/Logging.jl:61 overwritten in module Logging at util.jl:334 in module Base at util.jl:334 in module BaseAny......(.
.
 in module Base) at util.jl:364) at /home/skariel/.julia/v0.4/Logging/src/Logging.jl:61 at util.jl:334(WARNING: Method definition warn...( overwritten in module Logging at util.jl:334).
.
 at util.jl:364...( at util.jl:334 in module Base.
) overwritten in module Logging.
Any overwritten in module Logging overwritten in module LoggingAnyWARNING: Method definition warn... overwritten in module Logging at /home/skariel/.julia/v0.4/Logging/src/Logging.jl:61Any)()WARNING: Method definition warn)) in module Base overwritten in module Logging at /home/skariel/.julia/v0.4/Logging/src/Logging.jl:61 at util.jl:334 overwritten in module Logging overwritten in module Logging overwritten in module LoggingWARNING: Method definition warn in module Base at /home/skariel/.julia/v0.4/Logging/src/Logging.jl:61Any at /home/skariel/.julia/v0.4/Logging/src/Logging.jl:61)WARNING: Method definition warn... in module Base in module Base) in module Base(AnyWARNING: Method definition warn in module Base at util.jl:334.
 at /home/skariel/.julia/v0.4/Logging/src/Logging.jl:61...(... at /home/skariel/.julia/v0.4/Logging/src/Logging.jl:61.
...(( at /home/skariel/.julia/v0.4/Logging/src/Logging.jl:61 at /home/skariel/.julia/v0.4/Logging/src/Logging.jl:61.
 in module Base at util.jl:334.
 overwritten in module Logging at /home/skariel/.julia/v0.4/Logging/src/Logging.jl:61...) at /home/skariel/.julia/v0.4/Logging/src/Logging.jl:61Any.
 at util.jl:334 overwritten in module Logging) at util.jl:334).
.
 at util.jl:334 in module Base in module BaseAny at util.jl:334 at util.jl:334(WARNING: Method definition warnWARNING: Method definition warnWARNING: Method definition warnAny...Any)) overwritten in module Logging.
 in module Base at /home/skariel/.julia/v0.4/Logging/src/Logging.jl:61WARNING: Method definition warn overwritten in module Logging.
 in module Base in module Base at util.jl:334 overwritten in module Logging at /home/skariel/.julia/v0.4/Logging/src/Logging.jl:61 overwritten in module Logging.
( overwritten in module LoggingWARNING: Method definition warn(...... overwritten in module Logging at util.jl:334Any in module Base( at /home/skariel/.julia/v0.4/Logging/src/Logging.jl:61 in module Base...)( at /home/skariel/.julia/v0.4/Logging/src/Logging.jl:61 at util.jl:364 overwritten in module Logging().
Any at /home/skariel/.julia/v0.4/Logging/src/Logging.jl:61 at util.jl:364 at /home/skariel/.julia/v0.4/Logging/src/Logging.jl:61.
 at /home/skariel/.julia/v0.4/Logging/src/Logging.jl:61 overwritten in module Logging... at util.jl:364 at /home/skariel/.julia/v0.4/Logging/src/Logging.jl:61 at util.jl:364Any at util.jl:334WARNING: Method definition warnWARNING: Method definition warn))Any in module BaseAny.
WARNING: Method definition warn.
.
... overwritten in module Logging.
 overwritten in module Logging....
 at /home/skariel/.julia/v0.4/Logging/src/Logging.jl:61 overwritten in module Logging at util.jl:364 in module Base...((Any) overwritten in module LoggingWARNING: Method definition warn in module Base at /home/skariel/.julia/v0.4/Logging/src/Logging.jl:61 in module BaseWARNING: Method definition warn overwritten in module Logging) overwritten in module Logging at /home/skariel/.julia/v0.4/Logging/src/Logging.jl:61.
(... at /home/skariel/.julia/v0.4/Logging/src/Logging.jl:61)...AnyWARNING: Method definition warnWARNING: Method definition warn at util.jl:364 at /home/skariel/.julia/v0.4/Logging/src/Logging.jl:61)WARNING: Method definition warn in module Base.
 at util.jl:364WARNING: Method definition warnAny at /home/skariel/.julia/v0.4/Logging/src/Logging.jl:61( in module Base(.
 in module Base at util.jl:364(Any.
 at /home/skariel/.julia/v0.4/Logging/src/Logging.jl:61 at /home/skariel/.julia/v0.4/Logging/src/Logging.jl:61)).
 in module BaseWARNING: Method definition warn(....
 at util.jl:364 at util.jl:364Any overwritten in module LoggingWARNING: Method definition warnAny... in module Base at util.jl:364( overwritten in module Logging(...( overwritten in module Logging.
WARNING: Method definition warn).
... in module Base.
 at /home/skariel/.julia/v0.4/Logging/src/Logging.jl:61 at util.jl:364WARNING: Method definition warn) at /home/skariel/.julia/v0.4/Logging/src/Logging.jl:61Any at /home/skariel/.julia/v0.4/Logging/src/Logging.jl:61 at util.jl:364 overwritten in module Logging...( in module Base() at util.jl:364Any.
 overwritten in module LoggingAny)( overwritten in module Logging overwritten in module LoggingAnyAny.
 in module Base overwritten in module Logging at /home/skariel/.julia/v0.4/Logging/src/Logging.jl:61)Any at util.jl:364Any overwritten in module Logging at /home/skariel/.julia/v0.4/Logging/src/Logging.jl:61Any.......
....
 at /home/skariel/.julia/v0.4/Logging/src/Logging.jl:61... in module Base in module Base... at /home/skariel/.julia/v0.4/Logging/src/Logging.jl:61 at util.jl:364.
 at /home/skariel/.julia/v0.4/Logging/src/Logging.jl:61) at util.jl:364 in module Base... at /home/skariel/.julia/v0.4/Logging/src/Logging.jl:61 overwritten in module Logging)).
 at util.jl:364......)).
.
 overwritten in module Logging.
) at util.jl:364 overwritten in module Logging at /home/skariel/.julia/v0.4/Logging/src/Logging.jl:61 overwritten in module Logging at /home/skariel/.julia/v0.4/Logging/src/Logging.jl:61) overwritten in module Logging) in module Base in module Base in module Base in module Base in module Base.
 at /home/skariel/.julia/v0.4/Logging/src/Logging.jl:61 in module Base at /home/skariel/.julia/v0.4/Logging/src/Logging.jl:61 at util.jl:364 in module Base at /home/skariel/.julia/v0.4/Logging/src/Logging.jl:61.
 at util.jl:364 at util.jl:364 at util.jl:364 in module Base at util.jl:364.
.
 at util.jl:364 overwritten in module Logging overwritten in module Logging at util.jl:364 overwritten in module Logging at util.jl:364.
 overwritten in module Logging overwritten in module Logging at /home/skariel/.julia/v0.4/Logging/src/Logging.jl:61 overwritten in module Logging overwritten in module Logging at /home/skariel/.julia/v0.4/Logging/src/Logging.jl:61 at /home/skariel/.julia/v0.4/Logging/src/Logging.jl:61.
.
 at /home/skariel/.julia/v0.4/Logging/src/Logging.jl:61.
 overwritten in module Logging at /home/skariel/.julia/v0.4/Logging/src/Logging.jl:61 at /home/skariel/.julia/v0.4/Logging/src/Logging.jl:61 at /home/skariel/.julia/v0.4/Logging/src/Logging.jl:61 at /home/skariel/.julia/v0.4/Logging/src/Logging.jl:61.
.
.
.
.
