WARNING: Method definition info(Any...) in module Base at util.jl:334 overwritten in module Logging at /home/skariel/.julia/v0.4/Logging/src/Logging.jl:61.
WARNING: Method definition warn(Any...) in module Base at util.jl:364 overwritten in module Logging at /home/skariel/.julia/v0.4/Logging/src/Logging.jl:61.
WARNING: Method definition info(WARNING: Method definition infoAny...()Any in module Base...) at util.jl:334 in module Base overwritten in module Logging at /home/skariel/.julia/v0.4/Logging/src/Logging.jl:61 at util.jl:334 overwritten in module Logging.
 at /home/skariel/.julia/v0.4/Logging/src/Logging.jl:61.
WARNING: Method definition warn(Any...)WARNING: Method definition warn in module Base( at util.jl:364Any overwritten in module Logging... at /home/skariel/.julia/v0.4/Logging/src/Logging.jl:61).
 in module BaseWARNING: Method definition info at util.jl:364( overwritten in module LoggingAny at /home/skariel/.julia/v0.4/Logging/src/Logging.jl:61WARNING: Method definition info....
WARNING: Method definition info) in module Base( at util.jl:334Any overwritten in module Logging... at /home/skariel/.julia/v0.4/Logging/src/Logging.jl:61).
 in module Base at util.jl:334 overwritten in module LoggingWARNING: Method definition infoWARNING: Method definition warn( at /home/skariel/.julia/v0.4/Logging/src/Logging.jl:61((WARNING: Method definition infoWARNING: Method definition infoWARNING: Method definition infoAny.
(Any(AnyWARNING: Method definition info(.........Any(Any)WARNING: Method definition warnAny...)...Any)(... in module Base in module Base) in module BaseAnyWARNING: Method definition info)...) at util.jl:364 in module Base at util.jl:334 at util.jl:334...) in module Base in module Base(WARNING: Method definition info overwritten in module Logging overwritten in module Logging at util.jl:334) at util.jl:334( overwritten in module Logging in module Base at /home/skariel/.julia/v0.4/Logging/src/Logging.jl:61AnyWARNING: Method definition info at util.jl:334Any at /home/skariel/.julia/v0.4/Logging/src/Logging.jl:61 at util.jl:334 in module Base overwritten in module Logging at /home/skariel/.julia/v0.4/Logging/src/Logging.jl:61.
 overwritten in module Logging at util.jl:364 overwritten in module Logging.......
 overwritten in module Logging overwritten in module LoggingWARNING: Method definition info at /home/skariel/.julia/v0.4/Logging/src/Logging.jl:61WARNING: Method definition info)(.
 at /home/skariel/.julia/v0.4/Logging/src/Logging.jl:61 at /home/skariel/.julia/v0.4/Logging/src/Logging.jl:61 at /home/skariel/.julia/v0.4/Logging/src/Logging.jl:61 at /home/skariel/.julia/v0.4/Logging/src/Logging.jl:61).
(WARNING: Method definition warn in module BaseAny(.
WARNING: Method definition warn.
.
 in module Base.
...AnyWARNING: Method definition info(Any(WARNING: Method definition info at util.jl:334WARNING: Method definition warnWARNING: Method definition warn...WARNING: Method definition info(WARNING: Method definition warnAnyWARNING: Method definition infoAny at util.jl:334 overwritten in module Logging(WARNING: Method definition warn(...()...Any((WARNING: Method definition info...)(WARNING: Method definition info at /home/skariel/.julia/v0.4/Logging/src/Logging.jl:61) in module BaseAnyAny...)( in module Base overwritten in module LoggingAnyAny() in module Base at util.jl:334...(.
...AnyAny at /home/skariel/.julia/v0.4/Logging/src/Logging.jl:61Any... overwritten in module Logging in module Base at util.jl:334) in module BaseWARNING: Method definition infoAny at util.jl:334Any...WARNING: Method definition warn))...WARNING: Method definition info in module Base.......
) at /home/skariel/.julia/v0.4/Logging/src/Logging.jl:61 overwritten in module Logging at util.jl:364 at util.jl:364WARNING: Method definition info)(...( overwritten in module Logging in module Base in module Base) at util.jl:334)...( overwritten in module Logging) in module Base.
 overwritten in module Logging overwritten in module LoggingWARNING: Method definition warnAny) at /home/skariel/.julia/v0.4/Logging/src/Logging.jl:61 at util.jl:334 in module Base in module BaseWARNING: Method definition info at /home/skariel/.julia/v0.4/Logging/src/Logging.jl:61 in module Base at /home/skariel/.julia/v0.4/Logging/src/Logging.jl:61( in module Base at util.jl:364 at util.jl:364WARNING: Method definition info)WARNING: Method definition warnAny.
 at /home/skariel/.julia/v0.4/Logging/src/Logging.jl:61WARNING: Method definition info at util.jl:364Any at /home/skariel/.julia/v0.4/Logging/src/Logging.jl:61(... in module Base.
 overwritten in module Logging(( in module Base at util.jl:364 at util.jl:334... overwritten in module Logging at util.jl:334Any.
.
WARNING: Method definition info(WARNING: Method definition warnAnyWARNING: Method definition info) at util.jl:334 overwritten in module Logging(AnyAnyWARNING: Method definition warn at /home/skariel/.julia/v0.4/Logging/src/Logging.jl:61 overwritten in module Logging.......
 overwritten in module Logging(AnyWARNING: Method definition warn( in module Base... overwritten in module Logging at /home/skariel/.julia/v0.4/Logging/src/Logging.jl:61 at /home/skariel/.julia/v0.4/Logging/src/Logging.jl:61 at util.jl:334 overwritten in module Logging)WARNING: Method definition info(Any at util.jl:334...Any)Any....
 overwritten in module Logging.
(...() overwritten in module Logging at /home/skariel/.julia/v0.4/Logging/src/Logging.jl:61)WARNING: Method definition infoWARNING: Method definition infoWARNING: Method definition info at /home/skariel/.julia/v0.4/Logging/src/Logging.jl:61WARNING: Method definition info at /home/skariel/.julia/v0.4/Logging/src/Logging.jl:61... at /home/skariel/.julia/v0.4/Logging/src/Logging.jl:61 in module Base at /home/skariel/.julia/v0.4/Logging/src/Logging.jl:61.
( in module Base...Any.
 in module Base)(AnyAny( at /home/skariel/.julia/v0.4/Logging/src/Logging.jl:61 in module Base)()WARNING: Method definition info.
.
... overwritten in module Logging().
 at util.jl:364 in module BaseAnyAny at util.jl:364 in module BaseWARNING: Method definition warn.
 in module BaseAny at util.jl:334 at util.jl:334Any......... in module Base.
 at util.jl:334... overwritten in module LoggingWARNING: Method definition warn overwritten in module Logging(Any at util.jl:334WARNING: Method definition info))(...WARNING: Method definition warnWARNING: Method definition warn)()... at util.jl:334 overwritten in module LoggingWARNING: Method definition warn(Any at /home/skariel/.julia/v0.4/Logging/src/Logging.jl:61 at /home/skariel/.julia/v0.4/Logging/src/Logging.jl:61 overwritten in module Logging at util.jl:364Any...) overwritten in module Logging) in module Base in module Base((Any in module Base) in module Base) at /home/skariel/.julia/v0.4/Logging/src/Logging.jl:61 at /home/skariel/.julia/v0.4/Logging/src/Logging.jl:61 overwritten in module Logging(... overwritten in module LoggingWARNING: Method definition info.
...Any.
WARNING: Method definition info at /home/skariel/.julia/v0.4/Logging/src/Logging.jl:61) in module Base at util.jl:334.
... in module Base at /home/skariel/.julia/v0.4/Logging/src/Logging.jl:61).
Any( overwritten in module Logging in module Base at /home/skariel/.julia/v0.4/Logging/src/Logging.jl:61WARNING: Method definition info in module BaseAny at util.jl:364Any in module Base at util.jl:334WARNING: Method definition warn at util.jl:364....
...) at util.jl:334 overwritten in module Logging at /home/skariel/.julia/v0.4/Logging/src/Logging.jl:61 at util.jl:364....
() at util.jl:334... in module Base overwritten in module Logging(Any(.
... at util.jl:334WARNING: Method definition warn overwritten in module Logging overwritten in module LoggingWARNING: Method definition info overwritten in module Logging) in module Base))Any at util.jl:334 at /home/skariel/.julia/v0.4/Logging/src/Logging.jl:61WARNING: Method definition warn) at /home/skariel/.julia/v0.4/Logging/src/Logging.jl:61 at util.jl:334 overwritten in module Logging overwritten in module Logging in module Base) at /home/skariel/.julia/v0.4/Logging/src/Logging.jl:61 at /home/skariel/.julia/v0.4/Logging/src/Logging.jl:61.
 overwritten in module Logging(.
 at /home/skariel/.julia/v0.4/Logging/src/Logging.jl:61(WARNING: Method definition warn... in module Base overwritten in module LoggingWARNING: Method definition warn in module Base in module Base at util.jl:334WARNING: Method definition warn...AnyAny.
.
 at util.jl:334 at /home/skariel/.julia/v0.4/Logging/src/Logging.jl:61( in module BaseAny at /home/skariel/.julia/v0.4/Logging/src/Logging.jl:61Any at util.jl:364 at /home/skariel/.julia/v0.4/Logging/src/Logging.jl:61).
 at util.jl:364 at util.jl:364 overwritten in module Logging()... at /home/skariel/.julia/v0.4/Logging/src/Logging.jl:61... overwritten in module Logging at /home/skariel/.julia/v0.4/Logging/src/Logging.jl:61.
Any at util.jl:364(( in module Base in module Base).
 overwritten in module Logging overwritten in module Logging at /home/skariel/.julia/v0.4/Logging/src/Logging.jl:61.
 overwritten in module LoggingAny at /home/skariel/.julia/v0.4/Logging/src/Logging.jl:61) overwritten in module Logging....
 in module BaseAnyWARNING: Method definition warnWARNING: Method definition warn at /home/skariel/.julia/v0.4/Logging/src/Logging.jl:61.
... overwritten in module Logging.
.......
 at util.jl:364 at util.jl:334... at /home/skariel/.julia/v0.4/Logging/src/Logging.jl:61 in module Base.
(WARNING: Method definition warn at /home/skariel/.julia/v0.4/Logging/src/Logging.jl:61 at /home/skariel/.julia/v0.4/Logging/src/Logging.jl:61Any in module Base at util.jl:334 overwritten in module Logging overwritten in module Logging)WARNING: Method definition warn at /home/skariel/.julia/v0.4/Logging/src/Logging.jl:61)(WARNING: Method definition warn))WARNING: Method definition warn) at util.jl:364AnyWARNING: Method definition warn overwritten in module Logging....
.
( in module Base.
WARNING: Method definition warn.
((( in module Base overwritten in module Logging in module Base(... at /home/skariel/.julia/v0.4/Logging/src/Logging.jl:61 at util.jl:334Any at util.jl:364.
Any in module Base in module BaseWARNING: Method definition warn(Any at /home/skariel/.julia/v0.4/Logging/src/Logging.jl:61 at /home/skariel/.julia/v0.4/Logging/src/Logging.jl:61) at util.jl:334)Any overwritten in module Logging overwritten in module Logging.
 at util.jl:364AnyAny at /home/skariel/.julia/v0.4/Logging/src/Logging.jl:61( at util.jl:364... in module Base overwritten in module Logging... in module Base at util.jl:364... at /home/skariel/.julia/v0.4/Logging/src/Logging.jl:61.
... at /home/skariel/.julia/v0.4/Logging/src/Logging.jl:61Any.
 overwritten in module Logging.
 overwritten in module Logging)... overwritten in module Logging at util.jl:364)).
).
...WARNING: Method definition warnAny... at util.jl:364 at /home/skariel/.julia/v0.4/Logging/src/Logging.jl:61WARNING: Method definition warn) at /home/skariel/.julia/v0.4/Logging/src/Logging.jl:61 overwritten in module Logging( at /home/skariel/.julia/v0.4/Logging/src/Logging.jl:61...) at /home/skariel/.julia/v0.4/Logging/src/Logging.jl:61 in module Base in module Base in module Base( in module BaseAny.
 at /home/skariel/.julia/v0.4/Logging/src/Logging.jl:61) overwritten in module Logging in module BaseWARNING: Method definition warn.
.
 in module Base).
 at util.jl:364Any.
 at /home/skariel/.julia/v0.4/Logging/src/Logging.jl:61( at util.jl:364 at util.jl:364 at util.jl:364 overwritten in module Logging at util.jl:364 in module BaseWARNING: Method definition warn... at util.jl:364Any....
 at util.jl:364 at /home/skariel/.julia/v0.4/Logging/src/Logging.jl:61( in module Base overwritten in module Logging) overwritten in module Logging overwritten in module Logging overwritten in module Logging)....
 overwritten in module Logging at /home/skariel/.julia/v0.4/Logging/src/Logging.jl:61 overwritten in module Logging at /home/skariel/.julia/v0.4/Logging/src/Logging.jl:61Any in module Base at /home/skariel/.julia/v0.4/Logging/src/Logging.jl:61 at util.jl:364 at /home/skariel/.julia/v0.4/Logging/src/Logging.jl:61) in module Base at /home/skariel/.julia/v0.4/Logging/src/Logging.jl:61 at /home/skariel/.julia/v0.4/Logging/src/Logging.jl:61.
.
... at util.jl:364.
 in module Base.
.
.
) overwritten in module Logging overwritten in module Logging at util.jl:364 in module Base at /home/skariel/.julia/v0.4/Logging/src/Logging.jl:61 at util.jl:364 overwritten in module Logging at /home/skariel/.julia/v0.4/Logging/src/Logging.jl:61 overwritten in module Logging at util.jl:364.
 at /home/skariel/.julia/v0.4/Logging/src/Logging.jl:61 overwritten in module Logging at /home/skariel/.julia/v0.4/Logging/src/Logging.jl:61.
 at /home/skariel/.julia/v0.4/Logging/src/Logging.jl:61.
.
.
