WARNING: Method definition info(Any...) in module Base at util.jl:334 overwritten in module Logging at /home/skariel/.julia/v0.4/Logging/src/Logging.jl:61.
WARNING: Method definition warn(Any...) in module Base at util.jl:364 overwritten in module Logging at /home/skariel/.julia/v0.4/Logging/src/Logging.jl:61.
WARNING: Method definition infoWARNING: Method definition info((AnyAnyWARNING: Method definition infoWARNING: Method definition info......()(WARNING: Method definition info) in module BaseWARNING: Method definition infoAnyAny( in module Base at util.jl:334( at util.jl:334...Any... overwritten in module Logging overwritten in module Logging))...Any at /home/skariel/.julia/v0.4/Logging/src/Logging.jl:61 at /home/skariel/.julia/v0.4/Logging/src/Logging.jl:61) in module Base.
... in module Base.
 at util.jl:334 in module BaseWARNING: Method definition info(Any) at util.jl:334 overwritten in module Logging at util.jl:334...WARNING: Method definition warnWARNING: Method definition warn overwritten in module Logging at /home/skariel/.julia/v0.4/Logging/src/Logging.jl:61 in module Base overwritten in module LoggingWARNING: Method definition info at /home/skariel/.julia/v0.4/Logging/src/Logging.jl:61)( in module Base(.
 at /home/skariel/.julia/v0.4/Logging/src/Logging.jl:61( at util.jl:334.
WARNING: Method definition info at util.jl:334WARNING: Method definition info overwritten in module Logging(Any...WARNING: Method definition warn) in module Base(AnyAnyAnyWARNING: Method definition warn... overwritten in module Logging(Any.
 at /home/skariel/.julia/v0.4/Logging/src/Logging.jl:61Any at util.jl:334...)(....
) in module Base at /home/skariel/.julia/v0.4/Logging/src/Logging.jl:61...)AnyWARNING: Method definition warn overwritten in module Logging...WARNING: Method definition warn at util.jl:334... in module Base).
 in module Base( at /home/skariel/.julia/v0.4/Logging/src/Logging.jl:61)WARNING: Method definition info overwritten in module LoggingAny in module Base().
 in module Base at util.jl:364 at /home/skariel/.julia/v0.4/Logging/src/Logging.jl:61WARNING: Method definition infoWARNING: Method definition warn...WARNING: Method definition info at util.jl:334 at util.jl:364 at util.jl:364(Any.
 overwritten in module Logging( overwritten in module Logging in module Base(WARNING: Method definition warnWARNING: Method definition info...) at util.jl:364 overwritten in module Logging overwritten in module Logging( at /home/skariel/.julia/v0.4/Logging/src/Logging.jl:61WARNING: Method definition warnAnyWARNING: Method definition info( at /home/skariel/.julia/v0.4/Logging/src/Logging.jl:61AnyAny at /home/skariel/.julia/v0.4/Logging/src/Logging.jl:61 in module Base( overwritten in module Logging(... at /home/skariel/.julia/v0.4/Logging/src/Logging.jl:61()AnyWARNING: Method definition infoAny.
....
.
 at /home/skariel/.julia/v0.4/Logging/src/Logging.jl:61WARNING: Method definition info...AnyAny at util.jl:364 in module BaseWARNING: Method definition infoAny)....
...WARNING: Method definition infoWARNING: Method definition info.
(...(WARNING: Method definition info...WARNING: Method definition info)( at util.jl:364)) overwritten in module Logging in module Base( in module BaseAny... in module Base)((Any)()Any overwritten in module Logging in module Base at /home/skariel/.julia/v0.4/Logging/src/Logging.jl:61WARNING: Method definition warn at util.jl:334WARNING: Method definition info)AnyWARNING: Method definition infoAny...... at util.jl:334AnyWARNING: Method definition info.
 at /home/skariel/.julia/v0.4/Logging/src/Logging.jl:61...(... at util.jl:364 in module Base at util.jl:334WARNING: Method definition info overwritten in module Logging( in module BaseAnyWARNING: Method definition info in module Base in module Base)... overwritten in module Logging(.
AnyWARNING: Method definition info))... overwritten in module Logging(... overwritten in module LoggingAny) at util.jl:364 at util.jl:334) at util.jl:364(Any in module Base at util.jl:334... in module Base at /home/skariel/.julia/v0.4/Logging/src/Logging.jl:61() in module Base at /home/skariel/.julia/v0.4/Logging/src/Logging.jl:61 at /home/skariel/.julia/v0.4/Logging/src/Logging.jl:61 overwritten in module Logging...Any overwritten in module Logging() at /home/skariel/.julia/v0.4/Logging/src/Logging.jl:61 at util.jl:334...) at util.jl:334WARNING: Method definition info in module Base overwritten in module Logging in module BaseAny) overwritten in module Logging... in module BaseAny.
) in module Base... at /home/skariel/.julia/v0.4/Logging/src/Logging.jl:61 at /home/skariel/.julia/v0.4/Logging/src/Logging.jl:61Any in module Base....
 overwritten in module Logging overwritten in module Logging.
 at util.jl:334 at util.jl:334 at /home/skariel/.julia/v0.4/Logging/src/Logging.jl:61 at util.jl:334.
) at util.jl:364 in module BaseWARNING: Method definition warn(WARNING: Method definition infoWARNING: Method definition infoWARNING: Method definition info) at /home/skariel/.julia/v0.4/Logging/src/Logging.jl:61WARNING: Method definition info.
 overwritten in module LoggingWARNING: Method definition warnWARNING: Method definition info) at util.jl:334 at util.jl:334 at /home/skariel/.julia/v0.4/Logging/src/Logging.jl:61.
... in module Base.
( at /home/skariel/.julia/v0.4/Logging/src/Logging.jl:61Any overwritten in module LoggingWARNING: Method definition info(((WARNING: Method definition warn( at /home/skariel/.julia/v0.4/Logging/src/Logging.jl:61 overwritten in module LoggingWARNING: Method definition warn in module Base(.
.
 overwritten in module Logging( at util.jl:334WARNING: Method definition info at /home/skariel/.julia/v0.4/Logging/src/Logging.jl:61 in module BaseWARNING: Method definition info in module BaseWARNING: Method definition warn... overwritten in module LoggingWARNING: Method definition infoAny overwritten in module Logging at /home/skariel/.julia/v0.4/Logging/src/Logging.jl:61Any at util.jl:334.
.
Any)((( overwritten in module Logging at /home/skariel/.julia/v0.4/Logging/src/Logging.jl:61AnyWARNING: Method definition warnAnyWARNING: Method definition warnWARNING: Method definition info(Any at util.jl:334 at util.jl:334( at util.jl:334((WARNING: Method definition warnAny overwritten in module Logging.
 in module BaseAny at /home/skariel/.julia/v0.4/Logging/src/Logging.jl:61(......)... overwritten in module Logging... at /home/skariel/.julia/v0.4/Logging/src/Logging.jl:61 at /home/skariel/.julia/v0.4/Logging/src/Logging.jl:61WARNING: Method definition infoAnyAny.
.........Any(Any....
((WARNING: Method definition warn)) in module Base overwritten in module Logging) at /home/skariel/.julia/v0.4/Logging/src/Logging.jl:61Any.
 at util.jl:334Any overwritten in module Logging...))(Any in module Base.
 at /home/skariel/.julia/v0.4/Logging/src/Logging.jl:61.
.
(......Any overwritten in module LoggingAnyWARNING: Method definition warn) at util.jl:334... at /home/skariel/.julia/v0.4/Logging/src/Logging.jl:61 in module Base...WARNING: Method definition warn at /home/skariel/.julia/v0.4/Logging/src/Logging.jl:61 in module Base in module BaseAny......) at util.jl:334)Any... in module BaseWARNING: Method definition warnAny)))... at util.jl:364).
 at /home/skariel/.julia/v0.4/Logging/src/Logging.jl:61(( in module Base......WARNING: Method definition warnWARNING: Method definition warn) in module Base)( overwritten in module Logging) at util.jl:364.
 in module Base in module Base in module BaseAny in module Base at util.jl:334.
...) in module Base( overwritten in module Logging overwritten in module Logging in module Base.
 in module Base)) at util.jl:364) at util.jl:334Any at util.jl:334 at /home/skariel/.julia/v0.4/Logging/src/Logging.jl:61WARNING: Method definition warn at util.jl:334 at util.jl:364 at util.jl:334Any at util.jl:334WARNING: Method definition warn( at util.jl:334... in module Base at util.jl:334 in module Base in module Base in module Base overwritten in module Logging.
( at /home/skariel/.julia/v0.4/Logging/src/Logging.jl:61AnyWARNING: Method definition warnWARNING: Method definition warn overwritten in module Logging overwritten in module Logging overwritten in module Logging() at /home/skariel/.julia/v0.4/Logging/src/Logging.jl:61Any) overwritten in module Logging in module Base at util.jl:364.
...WARNING: Method definition warn overwritten in module Logging... overwritten in module Logging( at /home/skariel/.julia/v0.4/Logging/src/Logging.jl:61 overwritten in module Logging... at util.jl:364 at util.jl:364 overwritten in module LoggingAny at util.jl:364 overwritten in module Logging overwritten in module Logging at /home/skariel/.julia/v0.4/Logging/src/Logging.jl:61)( at util.jl:334 at util.jl:334 in module Base().
... in module Base at /home/skariel/.julia/v0.4/Logging/src/Logging.jl:61 at /home/skariel/.julia/v0.4/Logging/src/Logging.jl:61 at /home/skariel/.julia/v0.4/Logging/src/Logging.jl:61 overwritten in module Logging at /home/skariel/.julia/v0.4/Logging/src/Logging.jl:61 overwritten in module Logging.
 overwritten in module Logging at /home/skariel/.julia/v0.4/Logging/src/Logging.jl:61Any overwritten in module LoggingAny at /home/skariel/.julia/v0.4/Logging/src/Logging.jl:61 at /home/skariel/.julia/v0.4/Logging/src/Logging.jl:61Any at /home/skariel/.julia/v0.4/Logging/src/Logging.jl:61).
 at util.jl:364 at /home/skariel/.julia/v0.4/Logging/src/Logging.jl:61...Any overwritten in module Logging at /home/skariel/.julia/v0.4/Logging/src/Logging.jl:61.
 in module Base.
 overwritten in module Logging.
... in module Base) at util.jl:364.
....
.
 in module Base overwritten in module LoggingWARNING: Method definition warn at /home/skariel/.julia/v0.4/Logging/src/Logging.jl:61 at /home/skariel/.julia/v0.4/Logging/src/Logging.jl:61 at /home/skariel/.julia/v0.4/Logging/src/Logging.jl:61 at util.jl:364.
....
WARNING: Method definition warn.
 overwritten in module Logging)).
 in module Base overwritten in module Logging...WARNING: Method definition warn at /home/skariel/.julia/v0.4/Logging/src/Logging.jl:61 at /home/skariel/.julia/v0.4/Logging/src/Logging.jl:61 at util.jl:364)WARNING: Method definition warn.
WARNING: Method definition warn in module BaseWARNING: Method definition warn at /home/skariel/.julia/v0.4/Logging/src/Logging.jl:61WARNING: Method definition warn.
.
.
)() at util.jl:364 in module Base at /home/skariel/.julia/v0.4/Logging/src/Logging.jl:61 at util.jl:364(.
( at /home/skariel/.julia/v0.4/Logging/src/Logging.jl:61 overwritten in module Logging( in module Base((.
( at util.jl:364WARNING: Method definition warnWARNING: Method definition warn at util.jl:364 overwritten in module Logging.
 in module BaseAny in module Base at /home/skariel/.julia/v0.4/Logging/src/Logging.jl:61AnyAnyAny overwritten in module Logging(WARNING: Method definition warn overwritten in module LoggingAny at /home/skariel/.julia/v0.4/Logging/src/Logging.jl:61.
 at util.jl:364Any at util.jl:364...AnyWARNING: Method definition warn....
...( overwritten in module Logging at /home/skariel/.julia/v0.4/Logging/src/Logging.jl:61 at /home/skariel/.julia/v0.4/Logging/src/Logging.jl:61.
 overwritten in module Logging) overwritten in module Logging at util.jl:364Any....
....
 at /home/skariel/.julia/v0.4/Logging/src/Logging.jl:61......()(Any) overwritten in module Logging at /home/skariel/.julia/v0.4/Logging/src/Logging.jl:61...) in module Base at /home/skariel/.julia/v0.4/Logging/src/Logging.jl:61.
)) in module Base in module Base.
 at /home/skariel/.julia/v0.4/Logging/src/Logging.jl:61 at util.jl:364.
)Any in module Base) overwritten in module Logging in module BaseAny... in module Base.
 at util.jl:364 at util.jl:364 at util.jl:364...... in module Base at /home/skariel/.julia/v0.4/Logging/src/Logging.jl:61 at util.jl:364 overwritten in module Logging in module Base) at util.jl:364) at util.jl:364 overwritten in module Logging.
 overwritten in module Logging) at util.jl:364 overwritten in module Logging at /home/skariel/.julia/v0.4/Logging/src/Logging.jl:61 overwritten in module Logging in module Base in module Base overwritten in module Logging overwritten in module Logging at /home/skariel/.julia/v0.4/Logging/src/Logging.jl:61 at /home/skariel/.julia/v0.4/Logging/src/Logging.jl:61.
 in module Base at util.jl:364 at /home/skariel/.julia/v0.4/Logging/src/Logging.jl:61 at /home/skariel/.julia/v0.4/Logging/src/Logging.jl:61 at /home/skariel/.julia/v0.4/Logging/src/Logging.jl:61 at util.jl:364 at /home/skariel/.julia/v0.4/Logging/src/Logging.jl:61 overwritten in module Logging.
.
.
.
.
 overwritten in module Logging.
 at util.jl:364 at /home/skariel/.julia/v0.4/Logging/src/Logging.jl:61 at /home/skariel/.julia/v0.4/Logging/src/Logging.jl:61.
.
 overwritten in module Logging at /home/skariel/.julia/v0.4/Logging/src/Logging.jl:61.
