WARNING: Method definition info(Any...) in module Base at util.jl:334 overwritten in module Logging at /home/skariel/.julia/v0.4/Logging/src/Logging.jl:61.
WARNING: Method definition warn(Any...) in module Base at util.jl:364 overwritten in module Logging at /home/skariel/.julia/v0.4/Logging/src/Logging.jl:61.
WARNING: Method definition info(Any...) in module Base at util.jl:334 overwritten in module Logging at /home/skariel/.julia/v0.4/Logging/src/Logging.jl:61.
WARNING: Method definition warn(Any...) in module Base at util.jl:364 overwritten in module Logging at /home/skariel/.julia/v0.4/Logging/src/Logging.jl:61.
WARNING: Method definition info(Any...WARNING: Method definition info)( in module BaseAny... at util.jl:334) overwritten in module Logging in module Base at /home/skariel/.julia/v0.4/Logging/src/Logging.jl:61.
 at util.jl:334 overwritten in module Logging at /home/skariel/.julia/v0.4/Logging/src/Logging.jl:61.
WARNING: Method definition warn(AnyWARNING: Method definition warn...) in module Base at util.jl:364 overwritten in module Logging at /home/skariel/.julia/v0.4/Logging/src/Logging.jl:61WARNING: Method definition info.
WARNING: Method definition info(WARNING: Method definition info((AnyAny(Any......Any...))... in module Base) in module Base) in module Base in module Base at util.jl:334 at util.jl:334 at util.jl:364 at util.jl:334 overwritten in module Logging overwritten in module Logging at /home/skariel/.julia/v0.4/Logging/src/Logging.jl:61 overwritten in module Logging overwritten in module Logging at /home/skariel/.julia/v0.4/Logging/src/Logging.jl:61.
 at /home/skariel/.julia/v0.4/Logging/src/Logging.jl:61.
 at /home/skariel/.julia/v0.4/Logging/src/Logging.jl:61.
.
WARNING: Method definition warnWARNING: Method definition infoWARNING: Method definition info((WARNING: Method definition warnAnyAny(WARNING: Method definition warn...Any(......))(Any in module Base) in module BaseAny... at util.jl:334 in module Base at util.jl:364...)WARNING: Method definition info at util.jl:364WARNING: Method definition info) overwritten in module Logging in module Base overwritten in module Logging( in module Base at /home/skariel/.julia/v0.4/Logging/src/Logging.jl:61(Any at util.jl:334WARNING: Method definition info overwritten in module Logging.
WARNING: Method definition info at util.jl:364 at /home/skariel/.julia/v0.4/Logging/src/Logging.jl:61Any...( overwritten in module Logging... at /home/skariel/.julia/v0.4/Logging/src/Logging.jl:61.
( overwritten in module Logging) at /home/skariel/.julia/v0.4/Logging/src/Logging.jl:61AnyWARNING: Method definition warn).
Any at /home/skariel/.julia/v0.4/Logging/src/Logging.jl:61....
WARNING: Method definition info in module Base... at util.jl:334 in module Base))(( overwritten in module LoggingWARNING: Method definition info.
 at util.jl:334WARNING: Method definition warnAnyAny in module Base( overwritten in module Logging in module Base...(... at /home/skariel/.julia/v0.4/Logging/src/Logging.jl:61 at util.jl:334Any at /home/skariel/.julia/v0.4/Logging/src/Logging.jl:61WARNING: Method definition infoAny) overwritten in module Logging at util.jl:334.
WARNING: Method definition info) at /home/skariel/.julia/v0.4/Logging/src/Logging.jl:61 overwritten in module Logging.
...(... in module BaseWARNING: Method definition info in module BaseWARNING: Method definition warnWARNING: Method definition info)( at /home/skariel/.julia/v0.4/Logging/src/Logging.jl:61.
)AnyWARNING: Method definition info at util.jl:364((.
 in module Base at util.jl:334WARNING: Method definition warnAny... overwritten in module LoggingWARNING: Method definition info(AnyWARNING: Method definition warn)Any( in module Base... at /home/skariel/.julia/v0.4/Logging/src/Logging.jl:61WARNING: Method definition warn...( overwritten in module LoggingAny at util.jl:334 at util.jl:364WARNING: Method definition info...( in module Base(WARNING: Method definition info(WARNING: Method definition info)).
Any)...(AnyAny at /home/skariel/.julia/v0.4/Logging/src/Logging.jl:61 at util.jl:334 in module Base overwritten in module Logging overwritten in module Logging(Any( in module BaseAnyWARNING: Method definition info overwritten in module Logging......Any)...Any in module Base.
Any at util.jl:334...( at /home/skariel/.julia/v0.4/Logging/src/Logging.jl:61) at /home/skariel/.julia/v0.4/Logging/src/Logging.jl:61......) at /home/skariel/.julia/v0.4/Logging/src/Logging.jl:61... at util.jl:334WARNING: Method definition info... overwritten in module Logging at util.jl:364WARNING: Method definition warn in module Base) in module Base.
) in module Base in module Base).
Any) overwritten in module Logging at /home/skariel/.julia/v0.4/Logging/src/Logging.jl:61 overwritten in module LoggingWARNING: Method definition info at util.jl:364( at util.jl:334WARNING: Method definition infoWARNING: Method definition info() in module Base at util.jl:334.
)WARNING: Method definition warnWARNING: Method definition infoWARNING: Method definition infoWARNING: Method definition info in module Base at util.jl:334 overwritten in module Logging at /home/skariel/.julia/v0.4/Logging/src/Logging.jl:61AnyWARNING: Method definition infoWARNING: Method definition infoWARNING: Method definition info(WARNING: Method definition warn... at /home/skariel/.julia/v0.4/Logging/src/Logging.jl:61Any overwritten in module LoggingWARNING: Method definition info.
((( in module Base( overwritten in module Logging in module Base in module Base overwritten in module Logging)(.
...AnyAny at /home/skariel/.julia/v0.4/Logging/src/Logging.jl:61WARNING: Method definition warn at util.jl:334( at util.jl:364Any.
((((Any... at util.jl:364 at /home/skariel/.julia/v0.4/Logging/src/Logging.jl:61Any in module Base... at /home/skariel/.julia/v0.4/Logging/src/Logging.jl:61 at util.jl:334(.
...( at util.jl:334WARNING: Method definition warn... at /home/skariel/.julia/v0.4/Logging/src/Logging.jl:61WARNING: Method definition infoAny)Any)... overwritten in module LoggingWARNING: Method definition info)WARNING: Method definition info overwritten in module Logging... overwritten in module LoggingAnyAnyAnyAny.
).
Any(WARNING: Method definition warn in module Base in module Base at util.jl:334 at /home/skariel/.julia/v0.4/Logging/src/Logging.jl:61(WARNING: Method definition info) overwritten in module Logging... in module Base......WARNING: Method definition warnWARNING: Method definition info).
 overwritten in module Logging at util.jl:334...() in module Base at /home/skariel/.julia/v0.4/Logging/src/Logging.jl:61 overwritten in module Logging.
(...Any in module Base( at /home/skariel/.julia/v0.4/Logging/src/Logging.jl:61Any...() at util.jl:334 overwritten in module LoggingAny at util.jl:364 in module Base at /home/skariel/.julia/v0.4/Logging/src/Logging.jl:61... at /home/skariel/.julia/v0.4/Logging/src/Logging.jl:61Any)... at /home/skariel/.julia/v0.4/Logging/src/Logging.jl:61(Any)().
 in module BaseAny in module Base at util.jl:334WARNING: Method definition warn).
Any....
 at util.jl:334)....
) overwritten in module Logging at util.jl:334.
 in module Base at util.jl:364... at util.jl:334WARNING: Method definition warn... at /home/skariel/.julia/v0.4/Logging/src/Logging.jl:61 overwritten in module Logging) in module Base... in module BaseAny in module Base at /home/skariel/.julia/v0.4/Logging/src/Logging.jl:61Any( overwritten in module Logging in module Base...() overwritten in module Logging) in module Base)WARNING: Method definition warn in module Base overwritten in module Logging) overwritten in module Logging overwritten in module Logging).
Any at util.jl:334) at /home/skariel/.julia/v0.4/Logging/src/Logging.jl:61 in module Base.
 in module Base at /home/skariel/.julia/v0.4/Logging/src/Logging.jl:61 at util.jl:364 at util.jl:334 in module Base at util.jl:334...WARNING: Method definition warn at util.jl:334( at /home/skariel/.julia/v0.4/Logging/src/Logging.jl:61 at util.jl:334Any... at util.jl:334 at /home/skariel/.julia/v0.4/Logging/src/Logging.jl:61 in module BaseWARNING: Method definition warn... at util.jl:364 at util.jl:364.
 overwritten in module Logging overwritten in module Logging at util.jl:334(Any overwritten in module Logging at /home/skariel/.julia/v0.4/Logging/src/Logging.jl:61).
... in module Base at /home/skariel/.julia/v0.4/Logging/src/Logging.jl:61 overwritten in module Logging in module Base.
( at util.jl:334) overwritten in module Logging overwritten in module Logging overwritten in module Logging overwritten in module Logging... at /home/skariel/.julia/v0.4/Logging/src/Logging.jl:61.
 at /home/skariel/.julia/v0.4/Logging/src/Logging.jl:61 overwritten in module Logging overwritten in module Logging.
 at util.jl:364.
Any at util.jl:334 overwritten in module Logging) at /home/skariel/.julia/v0.4/Logging/src/Logging.jl:61 at /home/skariel/.julia/v0.4/Logging/src/Logging.jl:61 in module BaseWARNING: Method definition warn at /home/skariel/.julia/v0.4/Logging/src/Logging.jl:61 at /home/skariel/.julia/v0.4/Logging/src/Logging.jl:61 at /home/skariel/.julia/v0.4/Logging/src/Logging.jl:61AnyWARNING: Method definition warn.
) at /home/skariel/.julia/v0.4/Logging/src/Logging.jl:61 in module Base).
 at /home/skariel/.julia/v0.4/Logging/src/Logging.jl:61 at /home/skariel/.julia/v0.4/Logging/src/Logging.jl:61 overwritten in module LoggingWARNING: Method definition warnWARNING: Method definition warn at /home/skariel/.julia/v0.4/Logging/src/Logging.jl:61 overwritten in module Logging.
.
WARNING: Method definition warn at util.jl:364.
(....
WARNING: Method definition warn at util.jl:364 in module Base... at /home/skariel/.julia/v0.4/Logging/src/Logging.jl:61 in module Base((.
( at /home/skariel/.julia/v0.4/Logging/src/Logging.jl:61 overwritten in module Logging.
 in module Base.
WARNING: Method definition warn.
 overwritten in module Logging at util.jl:364).
(Any at util.jl:334)WARNING: Method definition warnWARNING: Method definition warnAnyWARNING: Method definition warn at util.jl:364(Any(.
WARNING: Method definition warnAnyWARNING: Method definition warn.
 in module Base overwritten in module Logging...Any( overwritten in module Logging...Any at /home/skariel/.julia/v0.4/Logging/src/Logging.jl:61(...WARNING: Method definition warnWARNING: Method definition warn(... at util.jl:364 overwritten in module Logging in module Base( at /home/skariel/.julia/v0.4/Logging/src/Logging.jl:61Any).
((())Any at /home/skariel/.julia/v0.4/Logging/src/Logging.jl:61WARNING: Method definition warn at /home/skariel/.julia/v0.4/Logging/src/Logging.jl:61AnyAny) at /home/skariel/.julia/v0.4/Logging/src/Logging.jl:61AnyAnyAny overwritten in module Logging in module Base...... in module Base.
.
(.
......... at util.jl:364... in module BaseAny.
... at /home/skariel/.julia/v0.4/Logging/src/Logging.jl:61)) at util.jl:364 at util.jl:364Any) in module Base... at util.jl:364)... in module Base in module Base)) overwritten in module Logging... in module Base...) overwritten in module Logging) in module Base overwritten in module Logging at util.jl:364.
 at util.jl:364 overwritten in module LoggingWARNING: Method definition warn at util.jl:364 at /home/skariel/.julia/v0.4/Logging/src/Logging.jl:61 at util.jl:364 in module Base at /home/skariel/.julia/v0.4/Logging/src/Logging.jl:61 overwritten in module Logging at /home/skariel/.julia/v0.4/Logging/src/Logging.jl:61 overwritten in module Logging at /home/skariel/.julia/v0.4/Logging/src/Logging.jl:61 in module Base) in module Base()).
 in module Base at util.jl:364 at util.jl:364 overwritten in module Logging.
.
 at /home/skariel/.julia/v0.4/Logging/src/Logging.jl:61 at /home/skariel/.julia/v0.4/Logging/src/Logging.jl:61.
 overwritten in module Logging at util.jl:364 at util.jl:364Any in module Base in module Base at util.jl:364 overwritten in module Logging overwritten in module Logging at /home/skariel/.julia/v0.4/Logging/src/Logging.jl:61.
.
 at /home/skariel/.julia/v0.4/Logging/src/Logging.jl:61 overwritten in module Logging.
 overwritten in module Logging... at util.jl:364 overwritten in module Logging at util.jl:364 in module Base at /home/skariel/.julia/v0.4/Logging/src/Logging.jl:61 at /home/skariel/.julia/v0.4/Logging/src/Logging.jl:61) at /home/skariel/.julia/v0.4/Logging/src/Logging.jl:61 overwritten in module Logging at /home/skariel/.julia/v0.4/Logging/src/Logging.jl:61.
 at /home/skariel/.julia/v0.4/Logging/src/Logging.jl:61.
 at util.jl:364.
 overwritten in module Logging.
 in module Base overwritten in module Logging.
 at /home/skariel/.julia/v0.4/Logging/src/Logging.jl:61.
 at /home/skariel/.julia/v0.4/Logging/src/Logging.jl:61.
 at /home/skariel/.julia/v0.4/Logging/src/Logging.jl:61.
 at util.jl:364 overwritten in module Logging.
 at /home/skariel/.julia/v0.4/Logging/src/Logging.jl:61.
