WARNING: Method definition info(Any...) in module Base at util.jl:334 overwritten in module Logging at /home/skariel/.julia/v0.4/Logging/src/Logging.jl:61.
WARNING: Method definition warn(Any...) in module Base at util.jl:364 overwritten in module Logging at /home/skariel/.julia/v0.4/Logging/src/Logging.jl:61.
WARNING: Method definition info(AnyWARNING: Method definition info...WARNING: Method definition info()( in module BaseAnyAny at util.jl:334 overwritten in module Logging...... at /home/skariel/.julia/v0.4/Logging/src/Logging.jl:61)WARNING: Method definition info)WARNING: Method definition info.
 in module Base( in module Base(WARNING: Method definition info(AnyAny at util.jl:334 at util.jl:334WARNING: Method definition warn...... overwritten in module LoggingAny overwritten in module LoggingWARNING: Method definition infoWARNING: Method definition info))WARNING: Method definition info at /home/skariel/.julia/v0.4/Logging/src/Logging.jl:61WARNING: Method definition info at /home/skariel/.julia/v0.4/Logging/src/Logging.jl:61...(( in module Base(.
(( in module BaseAny)Any at util.jl:334AnyWARNING: Method definition infoAny at util.jl:334(... overwritten in module LoggingAny... overwritten in module LoggingWARNING: Method definition warn in module Base.......
Any at /home/skariel/.julia/v0.4/Logging/src/Logging.jl:61)...WARNING: Method definition info)( at util.jl:334... at /home/skariel/.julia/v0.4/Logging/src/Logging.jl:61WARNING: Method definition info)( in module Base).
) in module Base overwritten in module LoggingWARNING: Method definition warnAnyWARNING: Method definition info at util.jl:334 in module Base in module Base) at util.jl:364.
 at /home/skariel/.julia/v0.4/Logging/src/Logging.jl:61(( in module BaseWARNING: Method definition infoWARNING: Method definition warn...Any( at util.jl:334 overwritten in module Logging.
 overwritten in module LoggingAny at util.jl:334WARNING: Method definition warn in module Base at util.jl:334(AnyAny) overwritten in module Logging...(WARNING: Method definition info overwritten in module LoggingWARNING: Method definition info at /home/skariel/.julia/v0.4/Logging/src/Logging.jl:61 at /home/skariel/.julia/v0.4/Logging/src/Logging.jl:61...AnyWARNING: Method definition warn... in module Base... overwritten in module Logging((.
.
 at /home/skariel/.julia/v0.4/Logging/src/Logging.jl:61...)( at util.jl:334) at /home/skariel/.julia/v0.4/Logging/src/Logging.jl:61( at util.jl:364)) at /home/skariel/.julia/v0.4/Logging/src/Logging.jl:61Any)WARNING: Method definition info in module BaseAnyWARNING: Method definition infoWARNING: Method definition warn.
Any overwritten in module Logging in module BaseAnyAny... in module Base( overwritten in module Logging at util.jl:334 in module Base.
...... in module Base.
 at /home/skariel/.julia/v0.4/Logging/src/Logging.jl:61... at util.jl:364 at util.jl:334Any) at /home/skariel/.julia/v0.4/Logging/src/Logging.jl:61 overwritten in module Logging in module BaseWARNING: Method definition info at util.jl:364 overwritten in module Logging((WARNING: Method definition infoWARNING: Method definition info)) at util.jl:334.
...WARNING: Method definition warnWARNING: Method definition warn.
 at /home/skariel/.julia/v0.4/Logging/src/Logging.jl:61 at /home/skariel/.julia/v0.4/Logging/src/Logging.jl:61( in module Base in module Base at util.jl:334) overwritten in module Logging overwritten in module Logging...(.
AnyWARNING: Method definition infoWARNING: Method definition info((WARNING: Method definition warn overwritten in module Logging)Any overwritten in module Logging at util.jl:334 in module Base( at /home/skariel/.julia/v0.4/Logging/src/Logging.jl:61)Any at util.jl:364...(WARNING: Method definition info at /home/skariel/.julia/v0.4/Logging/src/Logging.jl:61... overwritten in module Logging.
Any at util.jl:334AnyWARNING: Method definition warn in module BaseWARNING: Method definition infoWARNING: Method definition info(Any at /home/skariel/.julia/v0.4/Logging/src/Logging.jl:61 in module BaseAny(Any)WARNING: Method definition info at /home/skariel/.julia/v0.4/Logging/src/Logging.jl:61...WARNING: Method definition infoWARNING: Method definition info.
...)WARNING: Method definition warn...( overwritten in module Logging at util.jl:334(.
...( at /home/skariel/.julia/v0.4/Logging/src/Logging.jl:61.
Any() in module Base()WARNING: Method definition warn(Any at /home/skariel/.julia/v0.4/Logging/src/Logging.jl:61 overwritten in module Logging(AnyAny... at util.jl:364)AnyWARNING: Method definition info.
 in module Base...)...(.
 overwritten in module LoggingAnyAny at util.jl:334WARNING: Method definition info...Any.
...)... in module Base( at util.jl:334)...WARNING: Method definition warn)WARNING: Method definition warn in module Base at /home/skariel/.julia/v0.4/Logging/src/Logging.jl:61 in module Base in module Base(...WARNING: Method definition warn(... at /home/skariel/.julia/v0.4/Logging/src/Logging.jl:61Any) overwritten in module Logging)) at util.jl:364 overwritten in module Logging in module Base... overwritten in module LoggingAnyWARNING: Method definition infoWARNING: Method definition info in module Base()Any.
 at util.jl:364 at util.jl:364Any)Any)....
 in module Base overwritten in module Logging( in module Base at /home/skariel/.julia/v0.4/Logging/src/Logging.jl:61WARNING: Method definition info at util.jl:334 in module Base( in module BaseAny...WARNING: Method definition info overwritten in module Logging...( overwritten in module LoggingWARNING: Method definition info...WARNING: Method definition warn in module Base... in module Base in module Base at util.jl:334 at /home/skariel/.julia/v0.4/Logging/src/Logging.jl:61WARNING: Method definition info at util.jl:334)( at util.jl:334 at /home/skariel/.julia/v0.4/Logging/src/Logging.jl:61 at /home/skariel/.julia/v0.4/Logging/src/Logging.jl:61.
(...( at util.jl:334 at util.jl:364Any at /home/skariel/.julia/v0.4/Logging/src/Logging.jl:61( at /home/skariel/.julia/v0.4/Logging/src/Logging.jl:61WARNING: Method definition info)( at util.jl:364)WARNING: Method definition info)WARNING: Method definition warn overwritten in module Logging.
 overwritten in module LoggingAnyAny.
Any)Any)... overwritten in module Logging.
Any in module BaseAny at util.jl:334 overwritten in module Logging at util.jl:364 at util.jl:334 overwritten in module Logging in module Base( in module Base overwritten in module Logging.
 at /home/skariel/.julia/v0.4/Logging/src/Logging.jl:61) at /home/skariel/.julia/v0.4/Logging/src/Logging.jl:61 in module BaseAny in module Base... overwritten in module Logging... in module Base)WARNING: Method definition warn( at /home/skariel/.julia/v0.4/Logging/src/Logging.jl:61....
 at util.jl:364( overwritten in module Logging at util.jl:334( at /home/skariel/.julia/v0.4/Logging/src/Logging.jl:61Any at util.jl:334 at /home/skariel/.julia/v0.4/Logging/src/Logging.jl:61....
 in module Base.......
 at util.jl:364WARNING: Method definition warn) at /home/skariel/.julia/v0.4/Logging/src/Logging.jl:61) in module Base at util.jl:334( in module Base at util.jl:334.
Any) overwritten in module Logging... overwritten in module Logging overwritten in module Logging overwritten in module Logging at /home/skariel/.julia/v0.4/Logging/src/Logging.jl:61Any at /home/skariel/.julia/v0.4/Logging/src/Logging.jl:61 overwritten in module Logging at /home/skariel/.julia/v0.4/Logging/src/Logging.jl:61Any.
 overwritten in module Logging....
) at util.jl:334))WARNING: Method definition warn overwritten in module Logging in module Base((.
WARNING: Method definition warnAny at util.jl:334 overwritten in module Logging at util.jl:364... in module Base at /home/skariel/.julia/v0.4/Logging/src/Logging.jl:61....
.
.
... at /home/skariel/.julia/v0.4/Logging/src/Logging.jl:61 at /home/skariel/.julia/v0.4/Logging/src/Logging.jl:61 in module Base)WARNING: Method definition warn overwritten in module Logging in module Base in module Base at /home/skariel/.julia/v0.4/Logging/src/Logging.jl:61AnyWARNING: Method definition warnAny(...WARNING: Method definition warn at /home/skariel/.julia/v0.4/Logging/src/Logging.jl:61) at /home/skariel/.julia/v0.4/Logging/src/Logging.jl:61 overwritten in module Logging overwritten in module Logging at /home/skariel/.julia/v0.4/Logging/src/Logging.jl:61)).
WARNING: Method definition warn.
 at util.jl:364 in module Base( at util.jl:334 at util.jl:334 at /home/skariel/.julia/v0.4/Logging/src/Logging.jl:61 at util.jl:334.
...(...Any(.
) at /home/skariel/.julia/v0.4/Logging/src/Logging.jl:61 at /home/skariel/.julia/v0.4/Logging/src/Logging.jl:61.
.
 at util.jl:334) in module Base in module Base( overwritten in module Logging at util.jl:334AnyWARNING: Method definition warn overwritten in module LoggingWARNING: Method definition warn overwritten in module Logging.
 overwritten in module LoggingAny)...Any in module Base.
 in module Base.
WARNING: Method definition warn.
 in module BaseWARNING: Method definition warn at util.jl:364Any at util.jl:334 overwritten in module Logging at /home/skariel/.julia/v0.4/Logging/src/Logging.jl:61 at /home/skariel/.julia/v0.4/Logging/src/Logging.jl:61((...) at /home/skariel/.julia/v0.4/Logging/src/Logging.jl:61... at /home/skariel/.julia/v0.4/Logging/src/Logging.jl:61 in module BaseWARNING: Method definition warn) at util.jl:364 overwritten in module Logging(WARNING: Method definition warn at util.jl:334WARNING: Method definition warn( overwritten in module Logging overwritten in module Logging...Any) in module BaseAny.
)....
 at util.jl:364( in module Base at util.jl:364 at /home/skariel/.julia/v0.4/Logging/src/Logging.jl:61 overwritten in module LoggingAny(( overwritten in module Logging.
 at /home/skariel/.julia/v0.4/Logging/src/Logging.jl:61.
) at /home/skariel/.julia/v0.4/Logging/src/Logging.jl:61 in module Base)Any overwritten in module Logging at util.jl:364 overwritten in module LoggingWARNING: Method definition warn.
 at /home/skariel/.julia/v0.4/Logging/src/Logging.jl:61...Any at /home/skariel/.julia/v0.4/Logging/src/Logging.jl:61Any at /home/skariel/.julia/v0.4/Logging/src/Logging.jl:61Any.
 at util.jl:364...... in module Base.
 in module BaseWARNING: Method definition warnWARNING: Method definition warn at /home/skariel/.julia/v0.4/Logging/src/Logging.jl:61.
)(....
WARNING: Method definition warn.
......)... at util.jl:364 in module Base at /home/skariel/.julia/v0.4/Logging/src/Logging.jl:61 overwritten in module Logging at util.jl:364(( at util.jl:364.
WARNING: Method definition warn() overwritten in module LoggingWARNING: Method definition warnWARNING: Method definition warn overwritten in module Logging)) in module Base)).
 overwritten in module LoggingAny at util.jl:364 overwritten in module LoggingAny( in module Base at util.jl:364 in module BaseAnyAny in module Base at /home/skariel/.julia/v0.4/Logging/src/Logging.jl:61(...... at util.jl:364 at /home/skariel/.julia/v0.4/Logging/src/Logging.jl:61 in module Base( at /home/skariel/.julia/v0.4/Logging/src/Logging.jl:61 at /home/skariel/.julia/v0.4/Logging/src/Logging.jl:61 overwritten in module Logging at util.jl:364 at /home/skariel/.julia/v0.4/Logging/src/Logging.jl:61.
) in module Base in module BaseAny overwritten in module Logging overwritten in module Logging at util.jl:364Any......Any) overwritten in module Logging.
 at util.jl:364.
.
 at /home/skariel/.julia/v0.4/Logging/src/Logging.jl:61.
... at /home/skariel/.julia/v0.4/Logging/src/Logging.jl:61...) at util.jl:364 at /home/skariel/.julia/v0.4/Logging/src/Logging.jl:61 in module Base) at util.jl:364 overwritten in module Logging.
....
) overwritten in module Logging in module Base at /home/skariel/.julia/v0.4/Logging/src/Logging.jl:61 in module Base) overwritten in module Logging in module Base.
 overwritten in module Logging at util.jl:364 at /home/skariel/.julia/v0.4/Logging/src/Logging.jl:61) in module Base at util.jl:364.
 at util.jl:364 at /home/skariel/.julia/v0.4/Logging/src/Logging.jl:61 at /home/skariel/.julia/v0.4/Logging/src/Logging.jl:61 in module Base at /home/skariel/.julia/v0.4/Logging/src/Logging.jl:61 in module Base overwritten in module Logging.
 overwritten in module Logging.
 at util.jl:364 at util.jl:364 at util.jl:364 overwritten in module Logging.
 at util.jl:364 at /home/skariel/.julia/v0.4/Logging/src/Logging.jl:61 overwritten in module Logging overwritten in module Logging at /home/skariel/.julia/v0.4/Logging/src/Logging.jl:61 overwritten in module Logging.
 at /home/skariel/.julia/v0.4/Logging/src/Logging.jl:61 overwritten in module Logging.
 at /home/skariel/.julia/v0.4/Logging/src/Logging.jl:61.
.
 at /home/skariel/.julia/v0.4/Logging/src/Logging.jl:61 at /home/skariel/.julia/v0.4/Logging/src/Logging.jl:61 at /home/skariel/.julia/v0.4/Logging/src/Logging.jl:61.
.
.
.
