WARNING: Method definition info(Any...) in module Base at util.jl:334 overwritten in module Logging at /home/skariel/.julia/v0.4/Logging/src/Logging.jl:61.
WARNING: Method definition warn(Any...) in module Base at util.jl:364 overwritten in module Logging at /home/skariel/.julia/v0.4/Logging/src/Logging.jl:61.
WARNING: Method definition info(WARNING: Method definition infoWARNING: Method definition info(Any...(Any) in module BaseAny... at util.jl:334WARNING: Method definition info... overwritten in module Logging( at /home/skariel/.julia/v0.4/Logging/src/Logging.jl:61))Any.
 in module BaseWARNING: Method definition info in module Base at util.jl:334WARNING: Method definition info( overwritten in module Logging(... at util.jl:334WARNING: Method definition warnAnyWARNING: Method definition info)Any overwritten in module Logging( at /home/skariel/.julia/v0.4/Logging/src/Logging.jl:61WARNING: Method definition info...( in module Base(Any)Any...WARNING: Method definition infoAny....
 at /home/skariel/.julia/v0.4/Logging/src/Logging.jl:61...) at util.jl:334 overwritten in module Logging.
...WARNING: Method definition warn) in module BaseWARNING: Method definition info) in module Base)( in module Base in module Base at /home/skariel/.julia/v0.4/Logging/src/Logging.jl:61( at util.jl:334 in module BaseWARNING: Method definition warn at util.jl:334WARNING: Method definition info at util.jl:334( at util.jl:334 overwritten in module LoggingAny( at util.jl:364.
Any overwritten in module Logging( at /home/skariel/.julia/v0.4/Logging/src/Logging.jl:61 overwritten in module Logging overwritten in module LoggingAnyAny...WARNING: Method definition info at /home/skariel/.julia/v0.4/Logging/src/Logging.jl:61Any....
WARNING: Method definition warn.
... overwritten in module Logging at /home/skariel/.julia/v0.4/Logging/src/Logging.jl:61...)(WARNING: Method definition info at /home/skariel/.julia/v0.4/Logging/src/Logging.jl:61)(...)WARNING: Method definition warn at /home/skariel/.julia/v0.4/Logging/src/Logging.jl:61WARNING: Method definition warn(.
WARNING: Method definition info in module Base).
( in module BaseAnyAny)AnyWARNING: Method definition warn in module Base(.
 in module Base(Any at util.jl:334...( at util.jl:364 at util.jl:334... in module BaseWARNING: Method definition warn... at util.jl:364... overwritten in module LoggingAny overwritten in module LoggingAnyWARNING: Method definition info at util.jl:334)) overwritten in module Logging)( overwritten in module Logging) at /home/skariel/.julia/v0.4/Logging/src/Logging.jl:61Any... in module BaseAny... in module Base( at /home/skariel/.julia/v0.4/Logging/src/Logging.jl:61 at /home/skariel/.julia/v0.4/Logging/src/Logging.jl:61 in module Base at util.jl:364 at /home/skariel/.julia/v0.4/Logging/src/Logging.jl:61 in module Base....
 overwritten in module Logging.
...) at util.jl:334Any) at util.jl:364 overwritten in module Logging.
) overwritten in module Logging at util.jl:334.
 in module Base)WARNING: Method definition info at /home/skariel/.julia/v0.4/Logging/src/Logging.jl:61 in module Base...(.
Any at /home/skariel/.julia/v0.4/Logging/src/Logging.jl:61 overwritten in module Logging overwritten in module Logging at util.jl:364 at /home/skariel/.julia/v0.4/Logging/src/Logging.jl:61 in module BaseWARNING: Method definition warnWARNING: Method definition warnWARNING: Method definition warn at util.jl:364WARNING: Method definition infoWARNING: Method definition info at /home/skariel/.julia/v0.4/Logging/src/Logging.jl:61 overwritten in module LoggingWARNING: Method definition info at /home/skariel/.julia/v0.4/Logging/src/Logging.jl:61 at util.jl:334 in module Base....
(( at util.jl:364WARNING: Method definition info(.
(.
)WARNING: Method definition info overwritten in module Logging()(WARNING: Method definition info.
 at /home/skariel/.julia/v0.4/Logging/src/Logging.jl:61 overwritten in module Logging( overwritten in module LoggingAnyWARNING: Method definition infoWARNING: Method definition info at /home/skariel/.julia/v0.4/Logging/src/Logging.jl:61WARNING: Method definition warnAnyAnyAnyWARNING: Method definition infoWARNING: Method definition info(Any... in module Base(Any in module Base at /home/skariel/.julia/v0.4/Logging/src/Logging.jl:61Any(.
...Any( at /home/skariel/.julia/v0.4/Logging/src/Logging.jl:61WARNING: Method definition warnAny.
... at util.jl:334 at util.jl:334.........WARNING: Method definition info(Any()...Any(....
() overwritten in module LoggingWARNING: Method definition info)))....
 in module Base......WARNING: Method definition warn)WARNING: Method definition info overwritten in module Logging(WARNING: Method definition info) in module BaseAny)Any at util.jl:334Any)()) in module Base(Any in module BaseWARNING: Method definition infoAny overwritten in module Logging in module Base in module BaseAny at /home/skariel/.julia/v0.4/Logging/src/Logging.jl:61 in module Base( in module Base at util.jl:334WARNING: Method definition infoAny in module Base at util.jl:334... in module Base at util.jl:334 at util.jl:334 at /home/skariel/.julia/v0.4/Logging/src/Logging.jl:61...(( at util.jl:364 overwritten in module Logging...( overwritten in module Logging in module Base)....
 overwritten in module LoggingAny... at util.jl:364)... at util.jl:334 at /home/skariel/.julia/v0.4/Logging/src/Logging.jl:61)Any in module Base at util.jl:334 at /home/skariel/.julia/v0.4/Logging/src/Logging.jl:61 at util.jl:364)...Any at /home/skariel/.julia/v0.4/Logging/src/Logging.jl:61WARNING: Method definition warn overwritten in module Logging in module Base at util.jl:334 overwritten in module Logging.
... overwritten in module LoggingAny overwritten in module Logging.
 at /home/skariel/.julia/v0.4/Logging/src/Logging.jl:61.
 overwritten in module Logging in module Base)) at /home/skariel/.julia/v0.4/Logging/src/Logging.jl:61 overwritten in module Logging...WARNING: Method definition warn at /home/skariel/.julia/v0.4/Logging/src/Logging.jl:61 at /home/skariel/.julia/v0.4/Logging/src/Logging.jl:61 at util.jl:364 at util.jl:364 in module Base.
 overwritten in module Logging).
 at /home/skariel/.julia/v0.4/Logging/src/Logging.jl:61 in module Base...WARNING: Method definition warn...( at /home/skariel/.julia/v0.4/Logging/src/Logging.jl:61.
.
 at util.jl:334 overwritten in module Logging)) at /home/skariel/.julia/v0.4/Logging/src/Logging.jl:61( at /home/skariel/.julia/v0.4/Logging/src/Logging.jl:61 in module Base overwritten in module LoggingWARNING: Method definition warn at /home/skariel/.julia/v0.4/Logging/src/Logging.jl:61( at util.jl:334.
.
).
 at util.jl:364WARNING: Method definition warn in module Base at /home/skariel/.julia/v0.4/Logging/src/Logging.jl:61 in module BaseWARNING: Method definition warn).
AnyAny overwritten in module LoggingWARNING: Method definition warn.
 in module BaseAny in module Base at util.jl:334... in module Base...WARNING: Method definition warn(WARNING: Method definition warn overwritten in module Logging( at util.jl:334.
(.
 overwritten in module Logging( at /home/skariel/.julia/v0.4/Logging/src/Logging.jl:61 at util.jl:334... at util.jl:334WARNING: Method definition warn()Any overwritten in module Logging at util.jl:334 at util.jl:334 overwritten in module Logging) overwritten in module LoggingAny at /home/skariel/.julia/v0.4/Logging/src/Logging.jl:61(Any(Any overwritten in module Logging at /home/skariel/.julia/v0.4/Logging/src/Logging.jl:61Any overwritten in module Logging) in module Base.......
 at /home/skariel/.julia/v0.4/Logging/src/Logging.jl:61.
 overwritten in module Logging... at /home/skariel/.julia/v0.4/Logging/src/Logging.jl:61 in module Base at util.jl:364AnyAny... in module Base at /home/skariel/.julia/v0.4/Logging/src/Logging.jl:61 at util.jl:364 at /home/skariel/.julia/v0.4/Logging/src/Logging.jl:61.
... at /home/skariel/.julia/v0.4/Logging/src/Logging.jl:61....
))WARNING: Method definition warn overwritten in module Logging).
.
 at /home/skariel/.julia/v0.4/Logging/src/Logging.jl:61...).
WARNING: Method definition warn overwritten in module Logging in module BaseWARNING: Method definition warn at /home/skariel/.julia/v0.4/Logging/src/Logging.jl:61)WARNING: Method definition warn at util.jl:364 in module Base.
 in module Base( at /home/skariel/.julia/v0.4/Logging/src/Logging.jl:61).
 in module Base at util.jl:364 at util.jl:364WARNING: Method definition warnAny.
WARNING: Method definition warn overwritten in module Logging in module Base()(WARNING: Method definition warn overwritten in module Logging at util.jl:364WARNING: Method definition warn(...(.
 in module Base at /home/skariel/.julia/v0.4/Logging/src/Logging.jl:61 at util.jl:364Any in module Base overwritten in module LoggingAny((() at util.jl:364 overwritten in module Logging at /home/skariel/.julia/v0.4/Logging/src/Logging.jl:61AnyAny at util.jl:364AnyAny...Any overwritten in module Logging.
 at /home/skariel/.julia/v0.4/Logging/src/Logging.jl:61 in module Base.
... at util.jl:364... at /home/skariel/.julia/v0.4/Logging/src/Logging.jl:61)... overwritten in module Logging overwritten in module Logging....
... at /home/skariel/.julia/v0.4/Logging/src/Logging.jl:61 at util.jl:364)... overwritten in module Logging).
.
) at /home/skariel/.julia/v0.4/Logging/src/Logging.jl:61 in module Base))) overwritten in module Logging at /home/skariel/.julia/v0.4/Logging/src/Logging.jl:61 in module Base at util.jl:364 in module Base.
.
 in module Base at /home/skariel/.julia/v0.4/Logging/src/Logging.jl:61 in module Base in module Base in module Base overwritten in module Logging at util.jl:364 at util.jl:364.
 at /home/skariel/.julia/v0.4/Logging/src/Logging.jl:61 at util.jl:364 at util.jl:364 at /home/skariel/.julia/v0.4/Logging/src/Logging.jl:61 overwritten in module Logging at util.jl:364 at /home/skariel/.julia/v0.4/Logging/src/Logging.jl:61 overwritten in module Logging.
 overwritten in module Logging.
 at /home/skariel/.julia/v0.4/Logging/src/Logging.jl:61 at /home/skariel/.julia/v0.4/Logging/src/Logging.jl:61.
 overwritten in module Logging at util.jl:364.
.
 overwritten in module Logging at /home/skariel/.julia/v0.4/Logging/src/Logging.jl:61 overwritten in module Logging at /home/skariel/.julia/v0.4/Logging/src/Logging.jl:61.
 at /home/skariel/.julia/v0.4/Logging/src/Logging.jl:61.
.
